[INFO ] Loaded bundled typescript@4.0.5.
[INFO ] Loaded bundled prettier.
[INFO ] Loaded bundled @starptech/prettyhtml.
[INFO ] Loaded bundled prettier-eslint.
[INFO ] Loaded bundled prettier-tslint.
[INFO ] Loaded bundled stylus-supremacy.
[INFO ] Loaded bundled @prettier/plugin-pug.
Vetur initialized
[INFO ] update /var/www/vik/public/mix-manifest.json in ts language service.
[INFO ] update /var/www/vik/public/js/app.js in ts language service.
[INFO ] update /var/www/vik/public/mix-manifest.json in ts language service.
[INFO ] update /var/www/vik/resources/js/axios.js in ts language service.
[INFO ] update /var/www/vik/public/mix-manifest.json in ts language service.
[INFO ] update /var/www/vik/public/js/app.js in ts language service.
[INFO ] update /var/www/vik/public/js/app.js in ts language service.
[INFO ] update /var/www/vik/public/mix-manifest.json in ts language service.
[INFO ] update /var/www/vik/public/mix-manifest.json in ts language service.
[INFO ] update /var/www/vik/public/js/app.js in ts language service.
[INFO ] update /var/www/vik/public/mix-manifest.json in ts language service.
[INFO ] update /var/www/vik/public/js/app.js in ts language service.
[INFO ] update /var/www/vik/public/mix-manifest.json in ts language service.
[INFO ] update /var/www/vik/public/js/app.js in ts language service.
[INFO ] update /var/www/vik/public/mix-manifest.json in ts language service.
[INFO ] update /var/www/vik/public/mix-manifest.json in ts language service.
[INFO ] update /var/www/vik/public/js/app.js in ts language service.
[INFO ] update /var/www/vik/public/mix-manifest.json in ts language service.
[INFO ] update /var/www/vik/public/js/app.js in ts language service.
[INFO ] update /var/www/vik/public/mix-manifest.json in ts language service.
[INFO ] update /var/www/vik/public/js/app.js in ts language service.
[INFO ] update /var/www/vik/public/mix-manifest.json in ts language service.
[INFO ] update /var/www/vik/public/js/app.js in ts language service.
[INFO ] update /var/www/vik/public/mix-manifest.json in ts language service.
[INFO ] update /var/www/vik/public/mix-manifest.json in ts language service.
[INFO ] update /var/www/vik/public/mix-manifest.json in ts language service.
[INFO ] update /var/www/vik/public/js/app.js in ts language service.
[INFO ] update /var/www/vik/public/js/app.js in ts language service.
[INFO ] update /var/www/vik/public/mix-manifest.json in ts language service.
[INFO ] update /var/www/vik/public/mix-manifest.json in ts language service.
[INFO ] update /var/www/vik/public/js/app.js in ts language service.
[INFO ] update /var/www/vik/public/mix-manifest.json in ts language service.
[INFO ] update /var/www/vik/public/mix-manifest.json in ts language service.
[INFO ] update /var/www/vik/public/js/app.js in ts language service.
[INFO ] update /var/www/vik/public/mix-manifest.json in ts language service.
[INFO ] update /var/www/vik/public/mix-manifest.json in ts language service.
[INFO ] update /var/www/vik/public/js/app.js in ts language service.
[INFO ] update /var/www/vik/public/mix-manifest.json in ts language service.
[INFO ] update /var/www/vik/public/js/app.js in ts language service.
[INFO ] update /var/www/vik/public/mix-manifest.json in ts language service.
[INFO ] update /var/www/vik/public/js/app.js in ts language service.
[INFO ] update /var/www/vik/public/mix-manifest.json in ts language service.
[INFO ] update /var/www/vik/public/mix-manifest.json in ts language service.
[INFO ] update /var/www/vik/public/js/app.js in ts language service.
[INFO ] update /var/www/vik/public/mix-manifest.json in ts language service.
[INFO ] update /var/www/vik/public/mix-manifest.json in ts language service.
[INFO ] update /var/www/vik/public/js/app.js in ts language service.
[INFO ] update /var/www/vik/public/mix-manifest.json in ts language service.
[INFO ] update /var/www/vik/public/js/app.js in ts language service.
[INFO ] update /var/www/vik/public/mix-manifest.json in ts language service.
[INFO ] update /var/www/vik/public/js/app.js in ts language service.
[INFO ] update /var/www/vik/public/mix-manifest.json in ts language service.
[INFO ] update /var/www/vik/public/js/app.js in ts language service.
[INFO ] update /var/www/vik/public/mix-manifest.json in ts language service.
[INFO ] update /var/www/vik/public/js/app.js in ts language service.
[INFO ] update /var/www/vik/public/js/app.js in ts language service.
[INFO ] update /var/www/vik/public/mix-manifest.json in ts language service.
[INFO ] update /var/www/vik/public/mix-manifest.json in ts language service.
[INFO ] update /var/www/vik/public/mix-manifest.json in ts language service.
[INFO ] update /var/www/vik/public/js/app.js in ts language service.
[INFO ] update /var/www/vik/public/mix-manifest.json in ts language service.
[INFO ] update /var/www/vik/public/js/app.js in ts language service.
[INFO ] update /var/www/vik/public/mix-manifest.json in ts language service.
[INFO ] update /var/www/vik/public/js/app.js in ts language service.
[INFO ] update /var/www/vik/public/mix-manifest.json in ts language service.
[INFO ] update /var/www/vik/public/js/app.js in ts language service.
[INFO ] update /var/www/vik/public/mix-manifest.json in ts language service.
[INFO ] update /var/www/vik/public/js/app.js in ts language service.
[INFO ] update /var/www/vik/public/js/app.js in ts language service.
[INFO ] update /var/www/vik/public/mix-manifest.json in ts language service.
[INFO ] update /var/www/vik/resources/js/axios.js in ts language service.
[INFO ] update /var/www/vik/public/mix-manifest.json in ts language service.
[INFO ] update /var/www/vik/public/js/app.js in ts language service.
[INFO ] update /var/www/vik/public/mix-manifest.json in ts language service.
