Loaded bundled typescript@4.0.3.
Vetur initialized
[INFO ] update /var/www/vik/public/mix-manifest.json in ts language service.
[INFO ] update /var/www/vik/public/js/app.js in ts language service.
[INFO ] update /var/www/vik/public/mix-manifest.json in ts language service.
[INFO ] update /var/www/vik/public/mix-manifest.json in ts language service.
[INFO ] update /var/www/vik/public/js/app.js in ts language service.
[INFO ] update /var/www/vik/public/mix-manifest.json in ts language service.
[INFO ] update /var/www/vik/public/js/app.js in ts language service.
[INFO ] update /var/www/vik/public/mix-manifest.json in ts language service.
[INFO ] update /var/www/vik/public/js/app.js in ts language service.
[INFO ] update /var/www/vik/public/mix-manifest.json in ts language service.
[INFO ] update /var/www/vik/public/js/app.js in ts language service.
[INFO ] update /var/www/vik/public/mix-manifest.json in ts language service.
[INFO ] update /var/www/vik/public/mix-manifest.json in ts language service.
[INFO ] update /var/www/vik/public/js/app.js in ts language service.
[INFO ] update /var/www/vik/public/mix-manifest.json in ts language service.
[INFO ] update /var/www/vik/public/mix-manifest.json in ts language service.
[INFO ] update /var/www/vik/public/js/app.js in ts language service.
[INFO ] update /var/www/vik/~/.vscode-root/User/settings.json in ts language service.
[INFO ] update /var/www/vik/~/.vscode-root/User/settings.json in ts language service.
[INFO ] update /var/www/vik/resources/js/ChatService.js in ts language service.
[INFO ] update /var/www/vik/public/mix-manifest.json in ts language service.
[INFO ] update /var/www/vik/public/js/app.js in ts language service.
[INFO ] update /var/www/vik/resources/js/ChatService.js in ts language service.
[INFO ] update /var/www/vik/public/mix-manifest.json in ts language service.
[INFO ] update /var/www/vik/public/js/app.js in ts language service.
[INFO ] update /var/www/vik/public/mix-manifest.json in ts language service.
[INFO ] update /var/www/vik/public/mix-manifest.json in ts language service.
[INFO ] update /var/www/vik/public/js/app.js in ts language service.
[INFO ] update /var/www/vik/public/mix-manifest.json in ts language service.
[INFO ] update /var/www/vik/public/js/app.js in ts language service.
[INFO ] update /var/www/vik/public/mix-manifest.json in ts language service.
[INFO ] update /var/www/vik/resources/js/ChatService.js in ts language service.
[INFO ] update /var/www/vik/public/mix-manifest.json in ts language service.
[INFO ] update /var/www/vik/public/js/app.js in ts language service.
[INFO ] update /var/www/vik/public/mix-manifest.json in ts language service.
[INFO ] update /var/www/vik/resources/js/ChatService.js in ts language service.
[INFO ] update /var/www/vik/public/mix-manifest.json in ts language service.
[INFO ] update /var/www/vik/public/js/app.js in ts language service.
[INFO ] update /var/www/vik/public/mix-manifest.json in ts language service.
[INFO ] update /var/www/vik/public/js/app.js in ts language service.
[INFO ] update /var/www/vik/public/mix-manifest.json in ts language service.
[INFO ] update /var/www/vik/public/js/app.js in ts language service.
[INFO ] update /var/www/vik/public/mix-manifest.json in ts language service.
[INFO ] update /var/www/vik/public/js/app.js in ts language service.
[INFO ] update /var/www/vik/public/mix-manifest.json in ts language service.
[INFO ] update /var/www/vik/public/js/app.js in ts language service.
[INFO ] update /var/www/vik/public/mix-manifest.json in ts language service.
[INFO ] update /var/www/vik/public/js/app.js in ts language service.
[INFO ] update /var/www/vik/public/mix-manifest.json in ts language service.
[INFO ] update /var/www/vik/public/js/app.js in ts language service.
[INFO ] update /var/www/vik/public/mix-manifest.json in ts language service.
[INFO ] update /var/www/vik/public/js/app.js in ts language service.
[INFO ] update /var/www/vik/public/mix-manifest.json in ts language service.
[INFO ] update /var/www/vik/public/mix-manifest.json in ts language service.
[INFO ] update /var/www/vik/public/js/app.js in ts language service.
[INFO ] update /var/www/vik/public/mix-manifest.json in ts language service.
[INFO ] update /var/www/vik/public/mix-manifest.json in ts language service.
[INFO ] update /var/www/vik/public/js/app.js in ts language service.
[INFO ] update /var/www/vik/public/mix-manifest.json in ts language service.
[INFO ] update /var/www/vik/public/js/app.js in ts language service.
[INFO ] update /var/www/vik/public/js/app.js in ts language service.
[INFO ] update /var/www/vik/public/mix-manifest.json in ts language service.
[INFO ] update /var/www/vik/public/mix-manifest.json in ts language service.
