Info 0    [18:33:47.606] Format host information updated
Info 1    [18:33:47.606] reload projects.
Info 2    [18:33:47.606] Before ensureProjectForOpenFiles:
Info 3    [18:33:47.606] After ensureProjectForOpenFiles:
Info 4    [18:33:47.606] Host file extension mappings updated
Info 5    [18:33:47.608] Angular language server process ID: 5788
Info 6    [18:33:47.608] Using typescript/lib/tsserverlibrary v4.0.5 from /root/.vscode/extensions/angular.ng-template-0.1100.0/node_modules/typescript/lib/tsserverlibrary.js
Info 7    [18:33:47.608] Using @angular/language-service v11.0.0 from /root/.vscode/extensions/angular.ng-template-0.1100.0/server/node_modules/@angular/language-service/bundles/language-service.js
Info 8    [18:33:47.608] Log file: /var/www/vik/~/.vscode-root/logs/20201216T183050/exthost1/Angular.ng-template/nglangsvc.log
Info 9    [0:31:56.625] Search path: /var/www/vik/node_modules/vue/types
Info 10   [0:31:56.689] For info: /var/www/vik/node_modules/vue/types/vue.d.ts :: No config files found.
Info 11   [0:31:56.691] Loading global plugin @angular/language-service
Info 12   [0:31:56.691] Enabling plugin @angular/language-service from candidate paths: /root/.vscode/extensions/angular.ng-template-0.1100.0/server/node_modules/@angular/language-service/bundles/language-service.js,/root/.vscode/extensions/angular.ng-template-0.1100.0/node_modules/typescript/lib/tsserverlibrary.js/../../..
Info 13   [0:31:56.691] Loading @angular/language-service from /root/.vscode/extensions/angular.ng-template-0.1100.0/server/node_modules/@angular/language-service/bundles/language-service.js (resolved to /root/.vscode/extensions/angular.ng-template-0.1100.0/server/node_modules/@angular/language-service/bundles/language-service.js/node_modules)
Info 14   [0:31:57.546] Plugin validation succeded
Info 15   [0:31:57.548] Starting updateGraphWorker: Project: /dev/null/inferredProject1*
Info 16   [0:32:14.32] Finishing updateGraphWorker: Project: /dev/null/inferredProject1* Version: 1 structureChanged: true Elapsed: 16484ms
Info 17   [0:32:14.32] Project '/dev/null/inferredProject1*' (Inferred)
Info 18   [0:32:14.32] 	Files (86)

Info 19   [0:32:14.32] -----------------------------------------------
Info 20   [0:32:14.540] Starting updateGraphWorker: Project: /dev/null/autoImportProviderProject1*
Info 21   [0:32:18.228] Finishing updateGraphWorker: Project: /dev/null/autoImportProviderProject1* Version: 1 structureChanged: true Elapsed: 3687ms
Info 22   [0:32:18.228] Project '/dev/null/autoImportProviderProject1*' (AutoImportProvider)
Info 23   [0:32:18.228] 	Files (211)

Info 24   [0:32:18.228] -----------------------------------------------
Err 25    [0:32:18.233] Failed to find project for /var/www/vik/node_modules/vue/types/vue.d.ts
Info 26   [3:2:36.795] Search path: /root/.vscode/extensions/octref.vetur-0.30.2/server/dist
Info 27   [3:2:36.938] For info: /root/.vscode/extensions/octref.vetur-0.30.2/server/dist/lib.dom.d.ts :: No config files found.
Info 28   [3:2:37.85] Starting updateGraphWorker: Project: /dev/null/inferredProject1*
Info 29   [3:2:41.68] Finishing updateGraphWorker: Project: /dev/null/inferredProject1* Version: 2 structureChanged: true Elapsed: 3983ms
Info 30   [3:2:41.68] Project '/dev/null/inferredProject1*' (Inferred)
Info 31   [3:2:41.68] 	Files (79)

Info 32   [3:2:41.69] -----------------------------------------------
Info 33   [3:2:41.69] Project '/dev/null/autoImportProviderProject1*' (AutoImportProvider)
Info 34   [3:2:41.69] 	Files (211)

Info 35   [3:2:41.69] -----------------------------------------------
Err 36    [3:2:41.75] Failed to find project for /root/.vscode/extensions/octref.vetur-0.30.2/server/dist/lib.dom.d.ts
Info 37   [12:53:3.182] FileWatcher:: Triggered with /root/.vscode/extensions/octref.vetur-0.30.2/server/dist/lib.dom.d.ts 1:: WatchInfo: /root/.vscode/extensions/octref.vetur-0.30.2/server/dist/lib.dom.d.ts 500 undefined Project:  WatchType: Closed Script info
Info 38   [12:53:4.743] Elapsed:: 568ms FileWatcher:: Triggered with /root/.vscode/extensions/octref.vetur-0.30.2/server/dist/lib.dom.d.ts 1:: WatchInfo: /root/.vscode/extensions/octref.vetur-0.30.2/server/dist/lib.dom.d.ts 500 undefined Project:  WatchType: Closed Script info
Info 39   [12:53:4.965] DirectoryWatcher:: Triggered with /root/.vscode/extensions/angular.ng-template-0.1100.0/node_modules/typescript/AUTHORS.md 0:: WatchInfo: /root/.vscode/extensions/angular.ng-template-0.1100.0/node_modules 1 undefined Project:  WatchType: node_modules for closed script infos in them
Info 40   [12:53:5.78] Elapsed:: 113ms DirectoryWatcher:: Triggered with /root/.vscode/extensions/angular.ng-template-0.1100.0/node_modules/typescript/AUTHORS.md 0:: WatchInfo: /root/.vscode/extensions/angular.ng-template-0.1100.0/node_modules 1 undefined Project:  WatchType: node_modules for closed script infos in them
Info 41   [12:53:5.79] DirectoryWatcher:: Triggered with /root/.vscode/extensions/angular.ng-template-0.1100.0/node_modules/typescript/CODE_OF_CONDUCT.md 1:: WatchInfo: /root/.vscode/extensions/angular.ng-template-0.1100.0/node_modules 1 undefined Project:  WatchType: node_modules for closed script infos in them
Info 42   [12:53:5.79] Elapsed:: 0ms DirectoryWatcher:: Triggered with /root/.vscode/extensions/angular.ng-template-0.1100.0/node_modules/typescript/CODE_OF_CONDUCT.md 1:: WatchInfo: /root/.vscode/extensions/angular.ng-template-0.1100.0/node_modules 1 undefined Project:  WatchType: node_modules for closed script infos in them
Info 43   [12:53:5.79] DirectoryWatcher:: Triggered with /root/.vscode/extensions/angular.ng-template-0.1100.0/node_modules/typescript/CopyrightNotice.txt 2:: WatchInfo: /root/.vscode/extensions/angular.ng-template-0.1100.0/node_modules 1 undefined Project:  WatchType: node_modules for closed script infos in them
Info 44   [12:53:5.79] Elapsed:: 0ms DirectoryWatcher:: Triggered with /root/.vscode/extensions/angular.ng-template-0.1100.0/node_modules/typescript/CopyrightNotice.txt 2:: WatchInfo: /root/.vscode/extensions/angular.ng-template-0.1100.0/node_modules 1 undefined Project:  WatchType: node_modules for closed script infos in them
Info 45   [12:53:5.79] DirectoryWatcher:: Triggered with /root/.vscode/extensions/angular.ng-template-0.1100.0/node_modules/typescript/LICENSE.txt 3:: WatchInfo: /root/.vscode/extensions/angular.ng-template-0.1100.0/node_modules 1 undefined Project:  WatchType: node_modules for closed script infos in them
Info 46   [12:53:5.79] Elapsed:: 0ms DirectoryWatcher:: Triggered with /root/.vscode/extensions/angular.ng-template-0.1100.0/node_modules/typescript/LICENSE.txt 3:: WatchInfo: /root/.vscode/extensions/angular.ng-template-0.1100.0/node_modules 1 undefined Project:  WatchType: node_modules for closed script infos in them
Info 47   [12:53:5.79] DirectoryWatcher:: Triggered with /root/.vscode/extensions/angular.ng-template-0.1100.0/node_modules/typescript/README.md 4:: WatchInfo: /root/.vscode/extensions/angular.ng-template-0.1100.0/node_modules 1 undefined Project:  WatchType: node_modules for closed script infos in them
Info 48   [12:53:5.79] Elapsed:: 0ms DirectoryWatcher:: Triggered with /root/.vscode/extensions/angular.ng-template-0.1100.0/node_modules/typescript/README.md 4:: WatchInfo: /root/.vscode/extensions/angular.ng-template-0.1100.0/node_modules 1 undefined Project:  WatchType: node_modules for closed script infos in them
Info 49   [12:53:5.79] DirectoryWatcher:: Triggered with /root/.vscode/extensions/angular.ng-template-0.1100.0/node_modules/typescript/ThirdPartyNoticeText.txt 5:: WatchInfo: /root/.vscode/extensions/angular.ng-template-0.1100.0/node_modules 1 undefined Project:  WatchType: node_modules for closed script infos in them
Info 50   [12:53:5.79] Elapsed:: 0ms DirectoryWatcher:: Triggered with /root/.vscode/extensions/angular.ng-template-0.1100.0/node_modules/typescript/ThirdPartyNoticeText.txt 5:: WatchInfo: /root/.vscode/extensions/angular.ng-template-0.1100.0/node_modules 1 undefined Project:  WatchType: node_modules for closed script infos in them
Info 51   [12:53:5.79] DirectoryWatcher:: Triggered with /root/.vscode/extensions/angular.ng-template-0.1100.0/node_modules/typescript/package.json 6:: WatchInfo: /root/.vscode/extensions/angular.ng-template-0.1100.0/node_modules 1 undefined Project:  WatchType: node_modules for closed script infos in them
Info 52   [12:53:5.79] Elapsed:: 0ms DirectoryWatcher:: Triggered with /root/.vscode/extensions/angular.ng-template-0.1100.0/node_modules/typescript/package.json 6:: WatchInfo: /root/.vscode/extensions/angular.ng-template-0.1100.0/node_modules 1 undefined Project:  WatchType: node_modules for closed script infos in them
Info 53   [12:53:32.782] DirectoryWatcher:: Triggered with /root/.vscode/extensions/angular.ng-template-0.1100.0/node_modules/typescript/bin/tsc 0:: WatchInfo: /root/.vscode/extensions/angular.ng-template-0.1100.0/node_modules 1 undefined Project:  WatchType: node_modules for closed script infos in them
Info 54   [12:53:32.782] Elapsed:: 0ms DirectoryWatcher:: Triggered with /root/.vscode/extensions/angular.ng-template-0.1100.0/node_modules/typescript/bin/tsc 0:: WatchInfo: /root/.vscode/extensions/angular.ng-template-0.1100.0/node_modules 1 undefined Project:  WatchType: node_modules for closed script infos in them
Info 55   [12:53:32.782] DirectoryWatcher:: Triggered with /root/.vscode/extensions/angular.ng-template-0.1100.0/node_modules/typescript/bin/tsserver 1:: WatchInfo: /root/.vscode/extensions/angular.ng-template-0.1100.0/node_modules 1 undefined Project:  WatchType: node_modules for closed script infos in them
Info 56   [12:53:32.783] Elapsed:: 0ms DirectoryWatcher:: Triggered with /root/.vscode/extensions/angular.ng-template-0.1100.0/node_modules/typescript/bin/tsserver 1:: WatchInfo: /root/.vscode/extensions/angular.ng-template-0.1100.0/node_modules 1 undefined Project:  WatchType: node_modules for closed script infos in them
Info 57   [12:53:32.783] DirectoryWatcher:: Triggered with /root/.vscode/extensions/angular.ng-template-0.1100.0/node_modules/typescript/lib/README.md 2:: WatchInfo: /root/.vscode/extensions/angular.ng-template-0.1100.0/node_modules 1 undefined Project:  WatchType: node_modules for closed script infos in them
Info 58   [12:53:32.783] Elapsed:: 0ms DirectoryWatcher:: Triggered with /root/.vscode/extensions/angular.ng-template-0.1100.0/node_modules/typescript/lib/README.md 2:: WatchInfo: /root/.vscode/extensions/angular.ng-template-0.1100.0/node_modules 1 undefined Project:  WatchType: node_modules for closed script infos in them
Info 59   [12:53:32.783] DirectoryWatcher:: Triggered with /root/.vscode/extensions/angular.ng-template-0.1100.0/node_modules/typescript/lib/cancellationToken.js 3:: WatchInfo: /root/.vscode/extensions/angular.ng-template-0.1100.0/node_modules 1 undefined Project:  WatchType: node_modules for closed script infos in them
Info 60   [12:53:32.783] Elapsed:: 0ms DirectoryWatcher:: Triggered with /root/.vscode/extensions/angular.ng-template-0.1100.0/node_modules/typescript/lib/cancellationToken.js 3:: WatchInfo: /root/.vscode/extensions/angular.ng-template-0.1100.0/node_modules 1 undefined Project:  WatchType: node_modules for closed script infos in them
Info 61   [12:53:32.783] DirectoryWatcher:: Triggered with /root/.vscode/extensions/angular.ng-template-0.1100.0/node_modules/typescript/lib/lib.d.ts 4:: WatchInfo: /root/.vscode/extensions/angular.ng-template-0.1100.0/node_modules 1 undefined Project:  WatchType: node_modules for closed script infos in them
Info 62   [12:53:32.783] Elapsed:: 0ms DirectoryWatcher:: Triggered with /root/.vscode/extensions/angular.ng-template-0.1100.0/node_modules/typescript/lib/lib.d.ts 4:: WatchInfo: /root/.vscode/extensions/angular.ng-template-0.1100.0/node_modules 1 undefined Project:  WatchType: node_modules for closed script infos in them
Info 63   [12:53:32.783] DirectoryWatcher:: Triggered with /root/.vscode/extensions/angular.ng-template-0.1100.0/node_modules/typescript/lib/lib.dom.d.ts 5:: WatchInfo: /root/.vscode/extensions/angular.ng-template-0.1100.0/node_modules 1 undefined Project:  WatchType: node_modules for closed script infos in them
Info 64   [12:53:32.783] Elapsed:: 0ms DirectoryWatcher:: Triggered with /root/.vscode/extensions/angular.ng-template-0.1100.0/node_modules/typescript/lib/lib.dom.d.ts 5:: WatchInfo: /root/.vscode/extensions/angular.ng-template-0.1100.0/node_modules 1 undefined Project:  WatchType: node_modules for closed script infos in them
Info 65   [12:53:32.783] DirectoryWatcher:: Triggered with /root/.vscode/extensions/angular.ng-template-0.1100.0/node_modules/typescript/lib/lib.dom.iterable.d.ts 6:: WatchInfo: /root/.vscode/extensions/angular.ng-template-0.1100.0/node_modules 1 undefined Project:  WatchType: node_modules for closed script infos in them
Info 66   [12:53:32.783] Elapsed:: 0ms DirectoryWatcher:: Triggered with /root/.vscode/extensions/angular.ng-template-0.1100.0/node_modules/typescript/lib/lib.dom.iterable.d.ts 6:: WatchInfo: /root/.vscode/extensions/angular.ng-template-0.1100.0/node_modules 1 undefined Project:  WatchType: node_modules for closed script infos in them
Info 67   [12:53:32.783] DirectoryWatcher:: Triggered with /root/.vscode/extensions/angular.ng-template-0.1100.0/node_modules/typescript/lib/lib.es2015.collection.d.ts 7:: WatchInfo: /root/.vscode/extensions/angular.ng-template-0.1100.0/node_modules 1 undefined Project:  WatchType: node_modules for closed script infos in them
Info 68   [12:53:33.261] Elapsed:: 478ms DirectoryWatcher:: Triggered with /root/.vscode/extensions/angular.ng-template-0.1100.0/node_modules/typescript/lib/lib.es2015.collection.d.ts 7:: WatchInfo: /root/.vscode/extensions/angular.ng-template-0.1100.0/node_modules 1 undefined Project:  WatchType: node_modules for closed script infos in them
Info 69   [12:53:33.261] DirectoryWatcher:: Triggered with /root/.vscode/extensions/angular.ng-template-0.1100.0/node_modules/typescript/lib/lib.es2015.core.d.ts 8:: WatchInfo: /root/.vscode/extensions/angular.ng-template-0.1100.0/node_modules 1 undefined Project:  WatchType: node_modules for closed script infos in them
Info 70   [12:53:33.261] Elapsed:: 0ms DirectoryWatcher:: Triggered with /root/.vscode/extensions/angular.ng-template-0.1100.0/node_modules/typescript/lib/lib.es2015.core.d.ts 8:: WatchInfo: /root/.vscode/extensions/angular.ng-template-0.1100.0/node_modules 1 undefined Project:  WatchType: node_modules for closed script infos in them
Info 71   [12:53:33.261] DirectoryWatcher:: Triggered with /root/.vscode/extensions/angular.ng-template-0.1100.0/node_modules/typescript/lib/lib.es2015.d.ts 9:: WatchInfo: /root/.vscode/extensions/angular.ng-template-0.1100.0/node_modules 1 undefined Project:  WatchType: node_modules for closed script infos in them
Info 72   [12:53:33.261] Elapsed:: 0ms DirectoryWatcher:: Triggered with /root/.vscode/extensions/angular.ng-template-0.1100.0/node_modules/typescript/lib/lib.es2015.d.ts 9:: WatchInfo: /root/.vscode/extensions/angular.ng-template-0.1100.0/node_modules 1 undefined Project:  WatchType: node_modules for closed script infos in them
Info 73   [12:53:33.261] DirectoryWatcher:: Triggered with /root/.vscode/extensions/angular.ng-template-0.1100.0/node_modules/typescript/lib/lib.es2015.generator.d.ts 10:: WatchInfo: /root/.vscode/extensions/angular.ng-template-0.1100.0/node_modules 1 undefined Project:  WatchType: node_modules for closed script infos in them
Info 74   [12:53:33.262] Elapsed:: 1ms DirectoryWatcher:: Triggered with /root/.vscode/extensions/angular.ng-template-0.1100.0/node_modules/typescript/lib/lib.es2015.generator.d.ts 10:: WatchInfo: /root/.vscode/extensions/angular.ng-template-0.1100.0/node_modules 1 undefined Project:  WatchType: node_modules for closed script infos in them
Info 75   [12:53:33.262] DirectoryWatcher:: Triggered with /root/.vscode/extensions/angular.ng-template-0.1100.0/node_modules/typescript/lib/lib.es2015.iterable.d.ts 11:: WatchInfo: /root/.vscode/extensions/angular.ng-template-0.1100.0/node_modules 1 undefined Project:  WatchType: node_modules for closed script infos in them
Info 76   [12:53:33.262] Elapsed:: 0ms DirectoryWatcher:: Triggered with /root/.vscode/extensions/angular.ng-template-0.1100.0/node_modules/typescript/lib/lib.es2015.iterable.d.ts 11:: WatchInfo: /root/.vscode/extensions/angular.ng-template-0.1100.0/node_modules 1 undefined Project:  WatchType: node_modules for closed script infos in them
Info 77   [12:53:33.262] DirectoryWatcher:: Triggered with /root/.vscode/extensions/angular.ng-template-0.1100.0/node_modules/typescript/lib/lib.es2015.promise.d.ts 12:: WatchInfo: /root/.vscode/extensions/angular.ng-template-0.1100.0/node_modules 1 undefined Project:  WatchType: node_modules for closed script infos in them
Info 78   [12:53:33.262] Elapsed:: 0ms DirectoryWatcher:: Triggered with /root/.vscode/extensions/angular.ng-template-0.1100.0/node_modules/typescript/lib/lib.es2015.promise.d.ts 12:: WatchInfo: /root/.vscode/extensions/angular.ng-template-0.1100.0/node_modules 1 undefined Project:  WatchType: node_modules for closed script infos in them
Info 79   [12:53:33.262] DirectoryWatcher:: Triggered with /root/.vscode/extensions/angular.ng-template-0.1100.0/node_modules/typescript/lib/lib.es2015.proxy.d.ts 13:: WatchInfo: /root/.vscode/extensions/angular.ng-template-0.1100.0/node_modules 1 undefined Project:  WatchType: node_modules for closed script infos in them
Info 80   [12:53:33.262] Elapsed:: 0ms DirectoryWatcher:: Triggered with /root/.vscode/extensions/angular.ng-template-0.1100.0/node_modules/typescript/lib/lib.es2015.proxy.d.ts 13:: WatchInfo: /root/.vscode/extensions/angular.ng-template-0.1100.0/node_modules 1 undefined Project:  WatchType: node_modules for closed script infos in them
Info 81   [12:53:33.262] DirectoryWatcher:: Triggered with /root/.vscode/extensions/angular.ng-template-0.1100.0/node_modules/typescript/lib/lib.es2015.symbol.d.ts 14:: WatchInfo: /root/.vscode/extensions/angular.ng-template-0.1100.0/node_modules 1 undefined Project:  WatchType: node_modules for closed script infos in them
Info 82   [12:53:33.263] Elapsed:: 1ms DirectoryWatcher:: Triggered with /root/.vscode/extensions/angular.ng-template-0.1100.0/node_modules/typescript/lib/lib.es2015.symbol.d.ts 14:: WatchInfo: /root/.vscode/extensions/angular.ng-template-0.1100.0/node_modules 1 undefined Project:  WatchType: node_modules for closed script infos in them
Info 83   [12:53:33.263] DirectoryWatcher:: Triggered with /root/.vscode/extensions/angular.ng-template-0.1100.0/node_modules/typescript/lib/lib.es2015.reflect.d.ts 15:: WatchInfo: /root/.vscode/extensions/angular.ng-template-0.1100.0/node_modules 1 undefined Project:  WatchType: node_modules for closed script infos in them
Info 84   [12:53:33.263] Elapsed:: 0ms DirectoryWatcher:: Triggered with /root/.vscode/extensions/angular.ng-template-0.1100.0/node_modules/typescript/lib/lib.es2015.reflect.d.ts 15:: WatchInfo: /root/.vscode/extensions/angular.ng-template-0.1100.0/node_modules 1 undefined Project:  WatchType: node_modules for closed script infos in them
Info 85   [12:53:33.263] DirectoryWatcher:: Triggered with /root/.vscode/extensions/angular.ng-template-0.1100.0/node_modules/typescript/lib/lib.es2015.symbol.wellknown.d.ts 16:: WatchInfo: /root/.vscode/extensions/angular.ng-template-0.1100.0/node_modules 1 undefined Project:  WatchType: node_modules for closed script infos in them
Info 86   [12:53:33.263] Elapsed:: 0ms DirectoryWatcher:: Triggered with /root/.vscode/extensions/angular.ng-template-0.1100.0/node_modules/typescript/lib/lib.es2015.symbol.wellknown.d.ts 16:: WatchInfo: /root/.vscode/extensions/angular.ng-template-0.1100.0/node_modules 1 undefined Project:  WatchType: node_modules for closed script infos in them
Info 87   [12:53:33.263] DirectoryWatcher:: Triggered with /root/.vscode/extensions/angular.ng-template-0.1100.0/node_modules/typescript/lib/lib.es2016.array.include.d.ts 17:: WatchInfo: /root/.vscode/extensions/angular.ng-template-0.1100.0/node_modules 1 undefined Project:  WatchType: node_modules for closed script infos in them
Info 88   [12:53:33.263] Elapsed:: 0ms DirectoryWatcher:: Triggered with /root/.vscode/extensions/angular.ng-template-0.1100.0/node_modules/typescript/lib/lib.es2016.array.include.d.ts 17:: WatchInfo: /root/.vscode/extensions/angular.ng-template-0.1100.0/node_modules 1 undefined Project:  WatchType: node_modules for closed script infos in them
Info 89   [12:53:33.263] DirectoryWatcher:: Triggered with /root/.vscode/extensions/angular.ng-template-0.1100.0/node_modules/typescript/lib/lib.es2016.d.ts 18:: WatchInfo: /root/.vscode/extensions/angular.ng-template-0.1100.0/node_modules 1 undefined Project:  WatchType: node_modules for closed script infos in them
Info 90   [12:53:33.264] Elapsed:: 0ms DirectoryWatcher:: Triggered with /root/.vscode/extensions/angular.ng-template-0.1100.0/node_modules/typescript/lib/lib.es2016.d.ts 18:: WatchInfo: /root/.vscode/extensions/angular.ng-template-0.1100.0/node_modules 1 undefined Project:  WatchType: node_modules for closed script infos in them
Info 91   [12:53:33.264] DirectoryWatcher:: Triggered with /root/.vscode/extensions/angular.ng-template-0.1100.0/node_modules/typescript/lib/lib.es2016.full.d.ts 19:: WatchInfo: /root/.vscode/extensions/angular.ng-template-0.1100.0/node_modules 1 undefined Project:  WatchType: node_modules for closed script infos in them
Info 92   [12:53:33.264] Elapsed:: 0ms DirectoryWatcher:: Triggered with /root/.vscode/extensions/angular.ng-template-0.1100.0/node_modules/typescript/lib/lib.es2016.full.d.ts 19:: WatchInfo: /root/.vscode/extensions/angular.ng-template-0.1100.0/node_modules 1 undefined Project:  WatchType: node_modules for closed script infos in them
Info 93   [12:53:33.264] DirectoryWatcher:: Triggered with /root/.vscode/extensions/angular.ng-template-0.1100.0/node_modules/typescript/lib/lib.es2017.d.ts 20:: WatchInfo: /root/.vscode/extensions/angular.ng-template-0.1100.0/node_modules 1 undefined Project:  WatchType: node_modules for closed script infos in them
Info 94   [12:53:33.264] Elapsed:: 0ms DirectoryWatcher:: Triggered with /root/.vscode/extensions/angular.ng-template-0.1100.0/node_modules/typescript/lib/lib.es2017.d.ts 20:: WatchInfo: /root/.vscode/extensions/angular.ng-template-0.1100.0/node_modules 1 undefined Project:  WatchType: node_modules for closed script infos in them
Info 95   [12:53:33.264] DirectoryWatcher:: Triggered with /root/.vscode/extensions/angular.ng-template-0.1100.0/node_modules/typescript/lib/lib.es2017.full.d.ts 21:: WatchInfo: /root/.vscode/extensions/angular.ng-template-0.1100.0/node_modules 1 undefined Project:  WatchType: node_modules for closed script infos in them
Info 96   [12:53:33.264] Elapsed:: 0ms DirectoryWatcher:: Triggered with /root/.vscode/extensions/angular.ng-template-0.1100.0/node_modules/typescript/lib/lib.es2017.full.d.ts 21:: WatchInfo: /root/.vscode/extensions/angular.ng-template-0.1100.0/node_modules 1 undefined Project:  WatchType: node_modules for closed script infos in them
Info 97   [12:53:33.264] DirectoryWatcher:: Triggered with /root/.vscode/extensions/angular.ng-template-0.1100.0/node_modules/typescript/lib/lib.es2017.intl.d.ts 22:: WatchInfo: /root/.vscode/extensions/angular.ng-template-0.1100.0/node_modules 1 undefined Project:  WatchType: node_modules for closed script infos in them
Info 98   [12:53:33.264] Elapsed:: 0ms DirectoryWatcher:: Triggered with /root/.vscode/extensions/angular.ng-template-0.1100.0/node_modules/typescript/lib/lib.es2017.intl.d.ts 22:: WatchInfo: /root/.vscode/extensions/angular.ng-template-0.1100.0/node_modules 1 undefined Project:  WatchType: node_modules for closed script infos in them
Info 99   [12:53:33.264] DirectoryWatcher:: Triggered with /root/.vscode/extensions/angular.ng-template-0.1100.0/node_modules/typescript/lib/lib.es2017.object.d.ts 23:: WatchInfo: /root/.vscode/extensions/angular.ng-template-0.1100.0/node_modules 1 undefined Project:  WatchType: node_modules for closed script infos in them
Info 100  [12:53:33.264] Elapsed:: 0ms DirectoryWatcher:: Triggered with /root/.vscode/extensions/angular.ng-template-0.1100.0/node_modules/typescript/lib/lib.es2017.object.d.ts 23:: WatchInfo: /root/.vscode/extensions/angular.ng-template-0.1100.0/node_modules 1 undefined Project:  WatchType: node_modules for closed script infos in them
Info 101  [12:53:33.264] DirectoryWatcher:: Triggered with /root/.vscode/extensions/angular.ng-template-0.1100.0/node_modules/typescript/lib/lib.es2017.sharedmemory.d.ts 24:: WatchInfo: /root/.vscode/extensions/angular.ng-template-0.1100.0/node_modules 1 undefined Project:  WatchType: node_modules for closed script infos in them
Info 102  [12:53:33.264] Elapsed:: 0ms DirectoryWatcher:: Triggered with /root/.vscode/extensions/angular.ng-template-0.1100.0/node_modules/typescript/lib/lib.es2017.sharedmemory.d.ts 24:: WatchInfo: /root/.vscode/extensions/angular.ng-template-0.1100.0/node_modules 1 undefined Project:  WatchType: node_modules for closed script infos in them
Info 103  [12:53:33.264] DirectoryWatcher:: Triggered with /root/.vscode/extensions/angular.ng-template-0.1100.0/node_modules/typescript/lib/lib.es2017.string.d.ts 25:: WatchInfo: /root/.vscode/extensions/angular.ng-template-0.1100.0/node_modules 1 undefined Project:  WatchType: node_modules for closed script infos in them
Info 104  [12:53:33.265] Elapsed:: 1ms DirectoryWatcher:: Triggered with /root/.vscode/extensions/angular.ng-template-0.1100.0/node_modules/typescript/lib/lib.es2017.string.d.ts 25:: WatchInfo: /root/.vscode/extensions/angular.ng-template-0.1100.0/node_modules 1 undefined Project:  WatchType: node_modules for closed script infos in them
Info 105  [12:53:33.265] DirectoryWatcher:: Triggered with /root/.vscode/extensions/angular.ng-template-0.1100.0/node_modules/typescript/lib/lib.es2017.typedarrays.d.ts 26:: WatchInfo: /root/.vscode/extensions/angular.ng-template-0.1100.0/node_modules 1 undefined Project:  WatchType: node_modules for closed script infos in them
Info 106  [12:53:33.265] Elapsed:: 0ms DirectoryWatcher:: Triggered with /root/.vscode/extensions/angular.ng-template-0.1100.0/node_modules/typescript/lib/lib.es2017.typedarrays.d.ts 26:: WatchInfo: /root/.vscode/extensions/angular.ng-template-0.1100.0/node_modules 1 undefined Project:  WatchType: node_modules for closed script infos in them
Info 107  [12:53:33.265] DirectoryWatcher:: Triggered with /root/.vscode/extensions/angular.ng-template-0.1100.0/node_modules/typescript/lib/lib.es2018.asyncgenerator.d.ts 27:: WatchInfo: /root/.vscode/extensions/angular.ng-template-0.1100.0/node_modules 1 undefined Project:  WatchType: node_modules for closed script infos in them
Info 108  [12:53:33.265] Elapsed:: 0ms DirectoryWatcher:: Triggered with /root/.vscode/extensions/angular.ng-template-0.1100.0/node_modules/typescript/lib/lib.es2018.asyncgenerator.d.ts 27:: WatchInfo: /root/.vscode/extensions/angular.ng-template-0.1100.0/node_modules 1 undefined Project:  WatchType: node_modules for closed script infos in them
Info 109  [12:53:33.265] DirectoryWatcher:: Triggered with /root/.vscode/extensions/angular.ng-template-0.1100.0/node_modules/typescript/lib/lib.es2018.asynciterable.d.ts 28:: WatchInfo: /root/.vscode/extensions/angular.ng-template-0.1100.0/node_modules 1 undefined Project:  WatchType: node_modules for closed script infos in them
Info 110  [12:53:33.265] Elapsed:: 0ms DirectoryWatcher:: Triggered with /root/.vscode/extensions/angular.ng-template-0.1100.0/node_modules/typescript/lib/lib.es2018.asynciterable.d.ts 28:: WatchInfo: /root/.vscode/extensions/angular.ng-template-0.1100.0/node_modules 1 undefined Project:  WatchType: node_modules for closed script infos in them
Info 111  [12:53:33.265] DirectoryWatcher:: Triggered with /root/.vscode/extensions/angular.ng-template-0.1100.0/node_modules/typescript/lib/lib.es2018.d.ts 29:: WatchInfo: /root/.vscode/extensions/angular.ng-template-0.1100.0/node_modules 1 undefined Project:  WatchType: node_modules for closed script infos in them
Info 112  [12:53:33.265] Elapsed:: 0ms DirectoryWatcher:: Triggered with /root/.vscode/extensions/angular.ng-template-0.1100.0/node_modules/typescript/lib/lib.es2018.d.ts 29:: WatchInfo: /root/.vscode/extensions/angular.ng-template-0.1100.0/node_modules 1 undefined Project:  WatchType: node_modules for closed script infos in them
Info 113  [12:53:33.265] DirectoryWatcher:: Triggered with /root/.vscode/extensions/angular.ng-template-0.1100.0/node_modules/typescript/lib/lib.es2018.full.d.ts 30:: WatchInfo: /root/.vscode/extensions/angular.ng-template-0.1100.0/node_modules 1 undefined Project:  WatchType: node_modules for closed script infos in them
Info 114  [12:53:33.265] Elapsed:: 0ms DirectoryWatcher:: Triggered with /root/.vscode/extensions/angular.ng-template-0.1100.0/node_modules/typescript/lib/lib.es2018.full.d.ts 30:: WatchInfo: /root/.vscode/extensions/angular.ng-template-0.1100.0/node_modules 1 undefined Project:  WatchType: node_modules for closed script infos in them
Info 115  [12:53:33.265] DirectoryWatcher:: Triggered with /root/.vscode/extensions/angular.ng-template-0.1100.0/node_modules/typescript/lib/lib.es2018.intl.d.ts 31:: WatchInfo: /root/.vscode/extensions/angular.ng-template-0.1100.0/node_modules 1 undefined Project:  WatchType: node_modules for closed script infos in them
Info 116  [12:53:33.265] Elapsed:: 0ms DirectoryWatcher:: Triggered with /root/.vscode/extensions/angular.ng-template-0.1100.0/node_modules/typescript/lib/lib.es2018.intl.d.ts 31:: WatchInfo: /root/.vscode/extensions/angular.ng-template-0.1100.0/node_modules 1 undefined Project:  WatchType: node_modules for closed script infos in them
Info 117  [12:53:33.265] DirectoryWatcher:: Triggered with /root/.vscode/extensions/angular.ng-template-0.1100.0/node_modules/typescript/lib/lib.es2018.promise.d.ts 32:: WatchInfo: /root/.vscode/extensions/angular.ng-template-0.1100.0/node_modules 1 undefined Project:  WatchType: node_modules for closed script infos in them
Info 118  [12:53:33.265] Elapsed:: 0ms DirectoryWatcher:: Triggered with /root/.vscode/extensions/angular.ng-template-0.1100.0/node_modules/typescript/lib/lib.es2018.promise.d.ts 32:: WatchInfo: /root/.vscode/extensions/angular.ng-template-0.1100.0/node_modules 1 undefined Project:  WatchType: node_modules for closed script infos in them
Info 119  [12:53:33.265] DirectoryWatcher:: Triggered with /root/.vscode/extensions/angular.ng-template-0.1100.0/node_modules/typescript/lib/lib.es2018.regexp.d.ts 33:: WatchInfo: /root/.vscode/extensions/angular.ng-template-0.1100.0/node_modules 1 undefined Project:  WatchType: node_modules for closed script infos in them
Info 120  [12:53:33.266] Elapsed:: 1ms DirectoryWatcher:: Triggered with /root/.vscode/extensions/angular.ng-template-0.1100.0/node_modules/typescript/lib/lib.es2018.regexp.d.ts 33:: WatchInfo: /root/.vscode/extensions/angular.ng-template-0.1100.0/node_modules 1 undefined Project:  WatchType: node_modules for closed script infos in them
Info 121  [12:53:33.266] DirectoryWatcher:: Triggered with /root/.vscode/extensions/angular.ng-template-0.1100.0/node_modules/typescript/lib/lib.es2019.array.d.ts 34:: WatchInfo: /root/.vscode/extensions/angular.ng-template-0.1100.0/node_modules 1 undefined Project:  WatchType: node_modules for closed script infos in them
Info 122  [12:53:33.266] Elapsed:: 0ms DirectoryWatcher:: Triggered with /root/.vscode/extensions/angular.ng-template-0.1100.0/node_modules/typescript/lib/lib.es2019.array.d.ts 34:: WatchInfo: /root/.vscode/extensions/angular.ng-template-0.1100.0/node_modules 1 undefined Project:  WatchType: node_modules for closed script infos in them
Info 123  [12:53:33.266] DirectoryWatcher:: Triggered with /root/.vscode/extensions/angular.ng-template-0.1100.0/node_modules/typescript/lib/lib.es2019.d.ts 35:: WatchInfo: /root/.vscode/extensions/angular.ng-template-0.1100.0/node_modules 1 undefined Project:  WatchType: node_modules for closed script infos in them
Info 124  [12:53:33.266] Elapsed:: 0ms DirectoryWatcher:: Triggered with /root/.vscode/extensions/angular.ng-template-0.1100.0/node_modules/typescript/lib/lib.es2019.d.ts 35:: WatchInfo: /root/.vscode/extensions/angular.ng-template-0.1100.0/node_modules 1 undefined Project:  WatchType: node_modules for closed script infos in them
Info 125  [12:53:33.266] DirectoryWatcher:: Triggered with /root/.vscode/extensions/angular.ng-template-0.1100.0/node_modules/typescript/lib/lib.es2019.object.d.ts 36:: WatchInfo: /root/.vscode/extensions/angular.ng-template-0.1100.0/node_modules 1 undefined Project:  WatchType: node_modules for closed script infos in them
Info 126  [12:53:33.266] Elapsed:: 0ms DirectoryWatcher:: Triggered with /root/.vscode/extensions/angular.ng-template-0.1100.0/node_modules/typescript/lib/lib.es2019.object.d.ts 36:: WatchInfo: /root/.vscode/extensions/angular.ng-template-0.1100.0/node_modules 1 undefined Project:  WatchType: node_modules for closed script infos in them
Info 127  [12:53:33.266] DirectoryWatcher:: Triggered with /root/.vscode/extensions/angular.ng-template-0.1100.0/node_modules/typescript/lib/lib.es2019.full.d.ts 37:: WatchInfo: /root/.vscode/extensions/angular.ng-template-0.1100.0/node_modules 1 undefined Project:  WatchType: node_modules for closed script infos in them
Info 128  [12:53:33.266] Elapsed:: 0ms DirectoryWatcher:: Triggered with /root/.vscode/extensions/angular.ng-template-0.1100.0/node_modules/typescript/lib/lib.es2019.full.d.ts 37:: WatchInfo: /root/.vscode/extensions/angular.ng-template-0.1100.0/node_modules 1 undefined Project:  WatchType: node_modules for closed script infos in them
Info 129  [12:53:33.266] DirectoryWatcher:: Triggered with /root/.vscode/extensions/angular.ng-template-0.1100.0/node_modules/typescript/lib/lib.es2019.string.d.ts 38:: WatchInfo: /root/.vscode/extensions/angular.ng-template-0.1100.0/node_modules 1 undefined Project:  WatchType: node_modules for closed script infos in them
Info 130  [12:53:33.266] Elapsed:: 0ms DirectoryWatcher:: Triggered with /root/.vscode/extensions/angular.ng-template-0.1100.0/node_modules/typescript/lib/lib.es2019.string.d.ts 38:: WatchInfo: /root/.vscode/extensions/angular.ng-template-0.1100.0/node_modules 1 undefined Project:  WatchType: node_modules for closed script infos in them
Info 131  [12:53:33.266] DirectoryWatcher:: Triggered with /root/.vscode/extensions/angular.ng-template-0.1100.0/node_modules/typescript/lib/lib.es2019.symbol.d.ts 39:: WatchInfo: /root/.vscode/extensions/angular.ng-template-0.1100.0/node_modules 1 undefined Project:  WatchType: node_modules for closed script infos in them
Info 132  [12:53:33.266] Elapsed:: 0ms DirectoryWatcher:: Triggered with /root/.vscode/extensions/angular.ng-template-0.1100.0/node_modules/typescript/lib/lib.es2019.symbol.d.ts 39:: WatchInfo: /root/.vscode/extensions/angular.ng-template-0.1100.0/node_modules 1 undefined Project:  WatchType: node_modules for closed script infos in them
Info 133  [12:53:33.266] DirectoryWatcher:: Triggered with /root/.vscode/extensions/angular.ng-template-0.1100.0/node_modules/typescript/lib/lib.es2020.bigint.d.ts 40:: WatchInfo: /root/.vscode/extensions/angular.ng-template-0.1100.0/node_modules 1 undefined Project:  WatchType: node_modules for closed script infos in them
Info 134  [12:53:33.266] Elapsed:: 0ms DirectoryWatcher:: Triggered with /root/.vscode/extensions/angular.ng-template-0.1100.0/node_modules/typescript/lib/lib.es2020.bigint.d.ts 40:: WatchInfo: /root/.vscode/extensions/angular.ng-template-0.1100.0/node_modules 1 undefined Project:  WatchType: node_modules for closed script infos in them
Info 135  [12:53:33.266] DirectoryWatcher:: Triggered with /root/.vscode/extensions/angular.ng-template-0.1100.0/node_modules/typescript/lib/lib.es2020.d.ts 41:: WatchInfo: /root/.vscode/extensions/angular.ng-template-0.1100.0/node_modules 1 undefined Project:  WatchType: node_modules for closed script infos in them
Info 136  [12:53:33.266] Elapsed:: 0ms DirectoryWatcher:: Triggered with /root/.vscode/extensions/angular.ng-template-0.1100.0/node_modules/typescript/lib/lib.es2020.d.ts 41:: WatchInfo: /root/.vscode/extensions/angular.ng-template-0.1100.0/node_modules 1 undefined Project:  WatchType: node_modules for closed script infos in them
Info 137  [12:53:33.266] DirectoryWatcher:: Triggered with /root/.vscode/extensions/angular.ng-template-0.1100.0/node_modules/typescript/lib/lib.es2020.full.d.ts 42:: WatchInfo: /root/.vscode/extensions/angular.ng-template-0.1100.0/node_modules 1 undefined Project:  WatchType: node_modules for closed script infos in them
Info 138  [12:53:33.266] Elapsed:: 0ms DirectoryWatcher:: Triggered with /root/.vscode/extensions/angular.ng-template-0.1100.0/node_modules/typescript/lib/lib.es2020.full.d.ts 42:: WatchInfo: /root/.vscode/extensions/angular.ng-template-0.1100.0/node_modules 1 undefined Project:  WatchType: node_modules for closed script infos in them
Info 139  [12:53:33.266] DirectoryWatcher:: Triggered with /root/.vscode/extensions/angular.ng-template-0.1100.0/node_modules/typescript/lib/lib.es2020.intl.d.ts 43:: WatchInfo: /root/.vscode/extensions/angular.ng-template-0.1100.0/node_modules 1 undefined Project:  WatchType: node_modules for closed script infos in them
Info 140  [12:53:33.266] Elapsed:: 0ms DirectoryWatcher:: Triggered with /root/.vscode/extensions/angular.ng-template-0.1100.0/node_modules/typescript/lib/lib.es2020.intl.d.ts 43:: WatchInfo: /root/.vscode/extensions/angular.ng-template-0.1100.0/node_modules 1 undefined Project:  WatchType: node_modules for closed script infos in them
Info 141  [12:53:33.266] DirectoryWatcher:: Triggered with /root/.vscode/extensions/angular.ng-template-0.1100.0/node_modules/typescript/lib/lib.es2020.promise.d.ts 44:: WatchInfo: /root/.vscode/extensions/angular.ng-template-0.1100.0/node_modules 1 undefined Project:  WatchType: node_modules for closed script infos in them
Info 142  [12:53:33.266] Elapsed:: 0ms DirectoryWatcher:: Triggered with /root/.vscode/extensions/angular.ng-template-0.1100.0/node_modules/typescript/lib/lib.es2020.promise.d.ts 44:: WatchInfo: /root/.vscode/extensions/angular.ng-template-0.1100.0/node_modules 1 undefined Project:  WatchType: node_modules for closed script infos in them
Info 143  [12:53:33.266] DirectoryWatcher:: Triggered with /root/.vscode/extensions/angular.ng-template-0.1100.0/node_modules/typescript/lib/lib.es2020.string.d.ts 45:: WatchInfo: /root/.vscode/extensions/angular.ng-template-0.1100.0/node_modules 1 undefined Project:  WatchType: node_modules for closed script infos in them
Info 144  [12:53:33.266] Elapsed:: 0ms DirectoryWatcher:: Triggered with /root/.vscode/extensions/angular.ng-template-0.1100.0/node_modules/typescript/lib/lib.es2020.string.d.ts 45:: WatchInfo: /root/.vscode/extensions/angular.ng-template-0.1100.0/node_modules 1 undefined Project:  WatchType: node_modules for closed script infos in them
Info 145  [12:53:33.266] DirectoryWatcher:: Triggered with /root/.vscode/extensions/angular.ng-template-0.1100.0/node_modules/typescript/lib/lib.es2020.symbol.wellknown.d.ts 46:: WatchInfo: /root/.vscode/extensions/angular.ng-template-0.1100.0/node_modules 1 undefined Project:  WatchType: node_modules for closed script infos in them
Info 146  [12:53:33.266] Elapsed:: 0ms DirectoryWatcher:: Triggered with /root/.vscode/extensions/angular.ng-template-0.1100.0/node_modules/typescript/lib/lib.es2020.symbol.wellknown.d.ts 46:: WatchInfo: /root/.vscode/extensions/angular.ng-template-0.1100.0/node_modules 1 undefined Project:  WatchType: node_modules for closed script infos in them
Info 147  [12:53:33.266] DirectoryWatcher:: Triggered with /root/.vscode/extensions/angular.ng-template-0.1100.0/node_modules/typescript/lib/lib.es5.d.ts 47:: WatchInfo: /root/.vscode/extensions/angular.ng-template-0.1100.0/node_modules 1 undefined Project:  WatchType: node_modules for closed script infos in them
Info 148  [12:53:33.266] Elapsed:: 0ms DirectoryWatcher:: Triggered with /root/.vscode/extensions/angular.ng-template-0.1100.0/node_modules/typescript/lib/lib.es5.d.ts 47:: WatchInfo: /root/.vscode/extensions/angular.ng-template-0.1100.0/node_modules 1 undefined Project:  WatchType: node_modules for closed script infos in them
Info 149  [12:53:33.266] DirectoryWatcher:: Triggered with /root/.vscode/extensions/angular.ng-template-0.1100.0/node_modules/typescript/lib/lib.es6.d.ts 48:: WatchInfo: /root/.vscode/extensions/angular.ng-template-0.1100.0/node_modules 1 undefined Project:  WatchType: node_modules for closed script infos in them
Info 150  [12:53:33.266] Elapsed:: 0ms DirectoryWatcher:: Triggered with /root/.vscode/extensions/angular.ng-template-0.1100.0/node_modules/typescript/lib/lib.es6.d.ts 48:: WatchInfo: /root/.vscode/extensions/angular.ng-template-0.1100.0/node_modules 1 undefined Project:  WatchType: node_modules for closed script infos in them
Info 151  [12:53:33.266] DirectoryWatcher:: Triggered with /root/.vscode/extensions/angular.ng-template-0.1100.0/node_modules/typescript/lib/lib.esnext.d.ts 49:: WatchInfo: /root/.vscode/extensions/angular.ng-template-0.1100.0/node_modules 1 undefined Project:  WatchType: node_modules for closed script infos in them
Info 152  [12:53:33.266] Elapsed:: 0ms DirectoryWatcher:: Triggered with /root/.vscode/extensions/angular.ng-template-0.1100.0/node_modules/typescript/lib/lib.esnext.d.ts 49:: WatchInfo: /root/.vscode/extensions/angular.ng-template-0.1100.0/node_modules 1 undefined Project:  WatchType: node_modules for closed script infos in them
Info 153  [12:53:33.267] DirectoryWatcher:: Triggered with /root/.vscode/extensions/angular.ng-template-0.1100.0/node_modules/typescript/lib/lib.esnext.full.d.ts 50:: WatchInfo: /root/.vscode/extensions/angular.ng-template-0.1100.0/node_modules 1 undefined Project:  WatchType: node_modules for closed script infos in them
Info 154  [12:53:33.267] Elapsed:: 0ms DirectoryWatcher:: Triggered with /root/.vscode/extensions/angular.ng-template-0.1100.0/node_modules/typescript/lib/lib.esnext.full.d.ts 50:: WatchInfo: /root/.vscode/extensions/angular.ng-template-0.1100.0/node_modules 1 undefined Project:  WatchType: node_modules for closed script infos in them
Info 155  [12:53:33.267] DirectoryWatcher:: Triggered with /root/.vscode/extensions/angular.ng-template-0.1100.0/node_modules/typescript/lib/lib.esnext.intl.d.ts 51:: WatchInfo: /root/.vscode/extensions/angular.ng-template-0.1100.0/node_modules 1 undefined Project:  WatchType: node_modules for closed script infos in them
Info 156  [12:53:33.538] Elapsed:: 271ms DirectoryWatcher:: Triggered with /root/.vscode/extensions/angular.ng-template-0.1100.0/node_modules/typescript/lib/lib.esnext.intl.d.ts 51:: WatchInfo: /root/.vscode/extensions/angular.ng-template-0.1100.0/node_modules 1 undefined Project:  WatchType: node_modules for closed script infos in them
Info 157  [12:53:33.538] DirectoryWatcher:: Triggered with /root/.vscode/extensions/angular.ng-template-0.1100.0/node_modules/typescript/lib/lib.esnext.promise.d.ts 52:: WatchInfo: /root/.vscode/extensions/angular.ng-template-0.1100.0/node_modules 1 undefined Project:  WatchType: node_modules for closed script infos in them
Info 158  [12:53:33.538] Elapsed:: 0ms DirectoryWatcher:: Triggered with /root/.vscode/extensions/angular.ng-template-0.1100.0/node_modules/typescript/lib/lib.esnext.promise.d.ts 52:: WatchInfo: /root/.vscode/extensions/angular.ng-template-0.1100.0/node_modules 1 undefined Project:  WatchType: node_modules for closed script infos in them
Info 159  [12:53:33.538] DirectoryWatcher:: Triggered with /root/.vscode/extensions/angular.ng-template-0.1100.0/node_modules/typescript/lib/lib.esnext.string.d.ts 53:: WatchInfo: /root/.vscode/extensions/angular.ng-template-0.1100.0/node_modules 1 undefined Project:  WatchType: node_modules for closed script infos in them
Info 160  [12:53:33.538] Elapsed:: 0ms DirectoryWatcher:: Triggered with /root/.vscode/extensions/angular.ng-template-0.1100.0/node_modules/typescript/lib/lib.esnext.string.d.ts 53:: WatchInfo: /root/.vscode/extensions/angular.ng-template-0.1100.0/node_modules 1 undefined Project:  WatchType: node_modules for closed script infos in them
Info 161  [12:53:33.538] DirectoryWatcher:: Triggered with /root/.vscode/extensions/angular.ng-template-0.1100.0/node_modules/typescript/lib/lib.scripthost.d.ts 54:: WatchInfo: /root/.vscode/extensions/angular.ng-template-0.1100.0/node_modules 1 undefined Project:  WatchType: node_modules for closed script infos in them
Info 162  [12:53:33.538] Elapsed:: 0ms DirectoryWatcher:: Triggered with /root/.vscode/extensions/angular.ng-template-0.1100.0/node_modules/typescript/lib/lib.scripthost.d.ts 54:: WatchInfo: /root/.vscode/extensions/angular.ng-template-0.1100.0/node_modules 1 undefined Project:  WatchType: node_modules for closed script infos in them
Info 163  [12:53:33.538] DirectoryWatcher:: Triggered with /root/.vscode/extensions/angular.ng-template-0.1100.0/node_modules/typescript/lib/lib.webworker.d.ts 55:: WatchInfo: /root/.vscode/extensions/angular.ng-template-0.1100.0/node_modules 1 undefined Project:  WatchType: node_modules for closed script infos in them
Info 164  [12:53:33.539] Elapsed:: 1ms DirectoryWatcher:: Triggered with /root/.vscode/extensions/angular.ng-template-0.1100.0/node_modules/typescript/lib/lib.webworker.d.ts 55:: WatchInfo: /root/.vscode/extensions/angular.ng-template-0.1100.0/node_modules 1 undefined Project:  WatchType: node_modules for closed script infos in them
Info 165  [12:53:33.539] DirectoryWatcher:: Triggered with /root/.vscode/extensions/angular.ng-template-0.1100.0/node_modules/typescript/lib/lib.webworker.importscripts.d.ts 56:: WatchInfo: /root/.vscode/extensions/angular.ng-template-0.1100.0/node_modules 1 undefined Project:  WatchType: node_modules for closed script infos in them
Info 166  [12:53:33.539] Elapsed:: 0ms DirectoryWatcher:: Triggered with /root/.vscode/extensions/angular.ng-template-0.1100.0/node_modules/typescript/lib/lib.webworker.importscripts.d.ts 56:: WatchInfo: /root/.vscode/extensions/angular.ng-template-0.1100.0/node_modules 1 undefined Project:  WatchType: node_modules for closed script infos in them
Info 167  [12:53:33.539] DirectoryWatcher:: Triggered with /root/.vscode/extensions/angular.ng-template-0.1100.0/node_modules/typescript/lib/protocol.d.ts 57:: WatchInfo: /root/.vscode/extensions/angular.ng-template-0.1100.0/node_modules 1 undefined Project:  WatchType: node_modules for closed script infos in them
Info 168  [12:53:33.539] Elapsed:: 0ms DirectoryWatcher:: Triggered with /root/.vscode/extensions/angular.ng-template-0.1100.0/node_modules/typescript/lib/protocol.d.ts 57:: WatchInfo: /root/.vscode/extensions/angular.ng-template-0.1100.0/node_modules 1 undefined Project:  WatchType: node_modules for closed script infos in them
Info 169  [12:53:33.539] DirectoryWatcher:: Triggered with /root/.vscode/extensions/angular.ng-template-0.1100.0/node_modules/typescript/lib/tsc.js 58:: WatchInfo: /root/.vscode/extensions/angular.ng-template-0.1100.0/node_modules 1 undefined Project:  WatchType: node_modules for closed script infos in them
Info 170  [12:53:33.539] Elapsed:: 0ms DirectoryWatcher:: Triggered with /root/.vscode/extensions/angular.ng-template-0.1100.0/node_modules/typescript/lib/tsc.js 58:: WatchInfo: /root/.vscode/extensions/angular.ng-template-0.1100.0/node_modules 1 undefined Project:  WatchType: node_modules for closed script infos in them
Info 171  [12:53:33.539] DirectoryWatcher:: Triggered with /root/.vscode/extensions/angular.ng-template-0.1100.0/node_modules/typescript/lib/tsserver.js 59:: WatchInfo: /root/.vscode/extensions/angular.ng-template-0.1100.0/node_modules 1 undefined Project:  WatchType: node_modules for closed script infos in them
Info 172  [12:53:33.539] Elapsed:: 0ms DirectoryWatcher:: Triggered with /root/.vscode/extensions/angular.ng-template-0.1100.0/node_modules/typescript/lib/tsserver.js 59:: WatchInfo: /root/.vscode/extensions/angular.ng-template-0.1100.0/node_modules 1 undefined Project:  WatchType: node_modules for closed script infos in them
Info 173  [12:53:33.539] DirectoryWatcher:: Triggered with /root/.vscode/extensions/angular.ng-template-0.1100.0/node_modules/typescript/lib/tsserverlibrary.d.ts 60:: WatchInfo: /root/.vscode/extensions/angular.ng-template-0.1100.0/node_modules 1 undefined Project:  WatchType: node_modules for closed script infos in them
Info 174  [12:53:33.539] Elapsed:: 0ms DirectoryWatcher:: Triggered with /root/.vscode/extensions/angular.ng-template-0.1100.0/node_modules/typescript/lib/tsserverlibrary.d.ts 60:: WatchInfo: /root/.vscode/extensions/angular.ng-template-0.1100.0/node_modules 1 undefined Project:  WatchType: node_modules for closed script infos in them
Info 175  [12:53:33.539] DirectoryWatcher:: Triggered with /root/.vscode/extensions/angular.ng-template-0.1100.0/node_modules/typescript/lib/tsserverlibrary.js 61:: WatchInfo: /root/.vscode/extensions/angular.ng-template-0.1100.0/node_modules 1 undefined Project:  WatchType: node_modules for closed script infos in them
Info 176  [12:53:33.539] Elapsed:: 0ms DirectoryWatcher:: Triggered with /root/.vscode/extensions/angular.ng-template-0.1100.0/node_modules/typescript/lib/tsserverlibrary.js 61:: WatchInfo: /root/.vscode/extensions/angular.ng-template-0.1100.0/node_modules 1 undefined Project:  WatchType: node_modules for closed script infos in them
Info 177  [12:53:33.539] DirectoryWatcher:: Triggered with /root/.vscode/extensions/angular.ng-template-0.1100.0/node_modules/typescript/lib/typesMap.json 62:: WatchInfo: /root/.vscode/extensions/angular.ng-template-0.1100.0/node_modules 1 undefined Project:  WatchType: node_modules for closed script infos in them
Info 178  [12:53:33.539] Elapsed:: 0ms DirectoryWatcher:: Triggered with /root/.vscode/extensions/angular.ng-template-0.1100.0/node_modules/typescript/lib/typesMap.json 62:: WatchInfo: /root/.vscode/extensions/angular.ng-template-0.1100.0/node_modules 1 undefined Project:  WatchType: node_modules for closed script infos in them
Info 179  [12:53:33.539] DirectoryWatcher:: Triggered with /root/.vscode/extensions/angular.ng-template-0.1100.0/node_modules/typescript/lib/typescript.d.ts 63:: WatchInfo: /root/.vscode/extensions/angular.ng-template-0.1100.0/node_modules 1 undefined Project:  WatchType: node_modules for closed script infos in them
Info 180  [12:53:33.539] Elapsed:: 0ms DirectoryWatcher:: Triggered with /root/.vscode/extensions/angular.ng-template-0.1100.0/node_modules/typescript/lib/typescript.d.ts 63:: WatchInfo: /root/.vscode/extensions/angular.ng-template-0.1100.0/node_modules 1 undefined Project:  WatchType: node_modules for closed script infos in them
Info 181  [12:53:33.539] DirectoryWatcher:: Triggered with /root/.vscode/extensions/angular.ng-template-0.1100.0/node_modules/typescript/lib/typescript.js 64:: WatchInfo: /root/.vscode/extensions/angular.ng-template-0.1100.0/node_modules 1 undefined Project:  WatchType: node_modules for closed script infos in them
Info 182  [12:53:33.539] Elapsed:: 0ms DirectoryWatcher:: Triggered with /root/.vscode/extensions/angular.ng-template-0.1100.0/node_modules/typescript/lib/typescript.js 64:: WatchInfo: /root/.vscode/extensions/angular.ng-template-0.1100.0/node_modules 1 undefined Project:  WatchType: node_modules for closed script infos in them
Info 183  [12:53:33.539] DirectoryWatcher:: Triggered with /root/.vscode/extensions/angular.ng-template-0.1100.0/node_modules/typescript/lib/typescriptServices.d.ts 65:: WatchInfo: /root/.vscode/extensions/angular.ng-template-0.1100.0/node_modules 1 undefined Project:  WatchType: node_modules for closed script infos in them
Info 184  [12:53:33.539] Elapsed:: 0ms DirectoryWatcher:: Triggered with /root/.vscode/extensions/angular.ng-template-0.1100.0/node_modules/typescript/lib/typescriptServices.d.ts 65:: WatchInfo: /root/.vscode/extensions/angular.ng-template-0.1100.0/node_modules 1 undefined Project:  WatchType: node_modules for closed script infos in them
Info 185  [12:53:33.539] DirectoryWatcher:: Triggered with /root/.vscode/extensions/angular.ng-template-0.1100.0/node_modules/typescript/lib/typescriptServices.js 66:: WatchInfo: /root/.vscode/extensions/angular.ng-template-0.1100.0/node_modules 1 undefined Project:  WatchType: node_modules for closed script infos in them
Info 186  [12:53:33.539] Elapsed:: 0ms DirectoryWatcher:: Triggered with /root/.vscode/extensions/angular.ng-template-0.1100.0/node_modules/typescript/lib/typescriptServices.js 66:: WatchInfo: /root/.vscode/extensions/angular.ng-template-0.1100.0/node_modules 1 undefined Project:  WatchType: node_modules for closed script infos in them
Info 187  [12:53:33.539] DirectoryWatcher:: Triggered with /root/.vscode/extensions/angular.ng-template-0.1100.0/node_modules/typescript/lib/typingsInstaller.js 67:: WatchInfo: /root/.vscode/extensions/angular.ng-template-0.1100.0/node_modules 1 undefined Project:  WatchType: node_modules for closed script infos in them
Info 188  [12:53:33.539] Elapsed:: 0ms DirectoryWatcher:: Triggered with /root/.vscode/extensions/angular.ng-template-0.1100.0/node_modules/typescript/lib/typingsInstaller.js 67:: WatchInfo: /root/.vscode/extensions/angular.ng-template-0.1100.0/node_modules 1 undefined Project:  WatchType: node_modules for closed script infos in them
Info 189  [12:53:33.539] DirectoryWatcher:: Triggered with /root/.vscode/extensions/angular.ng-template-0.1100.0/node_modules/typescript/lib/watchGuard.js 68:: WatchInfo: /root/.vscode/extensions/angular.ng-template-0.1100.0/node_modules 1 undefined Project:  WatchType: node_modules for closed script infos in them
Info 190  [12:53:33.539] Elapsed:: 0ms DirectoryWatcher:: Triggered with /root/.vscode/extensions/angular.ng-template-0.1100.0/node_modules/typescript/lib/watchGuard.js 68:: WatchInfo: /root/.vscode/extensions/angular.ng-template-0.1100.0/node_modules 1 undefined Project:  WatchType: node_modules for closed script infos in them
Info 191  [12:53:33.880] Starting updateGraphWorker: Project: /dev/null/inferredProject1*
Info 192  [12:53:34.184] Finishing updateGraphWorker: Project: /dev/null/inferredProject1* Version: 3 structureChanged: true Elapsed: 304ms
Info 193  [12:53:34.184] Project '/dev/null/inferredProject1*' (Inferred)
Info 194  [12:53:34.184] 	Files (0)

Info 195  [12:53:34.184] -----------------------------------------------
Info 196  [12:53:34.184] Project '/dev/null/autoImportProviderProject1*' (AutoImportProvider)
Info 197  [12:53:34.184] 	Files (211)

Info 198  [12:53:34.184] -----------------------------------------------
Info 199  [12:53:36.39] Before ensureProjectForOpenFiles:
Info 200  [12:53:36.39] After ensureProjectForOpenFiles:
