Vetur initialized
[INFO ] Find node_modules paths in /var/www/vik - 26291ms
[INFO ] Loaded bundled typescript@4.1.2.
[INFO ] Loaded bundled prettier.
[INFO ] Loaded bundled @starptech/prettyhtml.
[INFO ] Loaded bundled prettier-eslint.
[INFO ] Loaded bundled prettier-tslint.
[INFO ] Loaded bundled stylus-supremacy.
[INFO ] Loaded bundled @prettier/plugin-pug.
[INFO ] update /var/www/vik/resources/js/app.js in ts language service.
[INFO ] update /var/www/vik/resources/js/app.js in ts language service.
[INFO ] update /var/www/vik/resources/js/app.js in ts language service.
[INFO ] update /var/www/vik/public/mix-manifest.json in ts language service.
[INFO ] update /var/www/vik/public/mix-manifest.json in ts language service.
[INFO ] update /var/www/vik/public/mix-manifest.json in ts language service.
[INFO ] update /var/www/vik/public/js/app.js in ts language service.
[INFO ] update /var/www/vik/public/js/app.js in ts language service.
[INFO ] update /var/www/vik/public/js/app.js in ts language service.
[INFO ] update /var/www/vik/public/mix-manifest.json in ts language service.
[INFO ] update /var/www/vik/public/mix-manifest.json in ts language service.
[INFO ] update /var/www/vik/public/mix-manifest.json in ts language service.
[Error - 7:05:50 AM] Request textDocument/completion failed.
  Message: Request textDocument/completion failed with message: Cannot read property 'isIncomplete' of undefined
  Code: -32603 
[Error - 7:06:25 AM] Request textDocument/completion failed.
  Message: Request textDocument/completion failed with message: Cannot read property 'isIncomplete' of undefined
  Code: -32603 
[Error - 7:06:25 AM] Request textDocument/completion failed.
  Message: Request textDocument/completion failed with message: Cannot read property 'isIncomplete' of undefined
  Code: -32603 
[Error - 7:06:33 AM] Request textDocument/completion failed.
  Message: Request textDocument/completion failed with message: Cannot read property 'isIncomplete' of undefined
  Code: -32603 
[Error - 7:06:33 AM] Request textDocument/completion failed.
  Message: Request textDocument/completion failed with message: Cannot read property 'isIncomplete' of undefined
  Code: -32603 
[Error - 7:06:33 AM] Request textDocument/completion failed.
  Message: Request textDocument/completion failed with message: Cannot read property 'isIncomplete' of undefined
  Code: -32603 
[Error - 7:06:34 AM] Request textDocument/completion failed.
  Message: Request textDocument/completion failed with message: Cannot read property 'isIncomplete' of undefined
  Code: -32603 
[INFO ] update /var/www/vik/public/mix-manifest.json in ts language service.
[INFO ] update /var/www/vik/public/mix-manifest.json in ts language service.
[INFO ] update /var/www/vik/public/mix-manifest.json in ts language service.
[INFO ] update /var/www/vik/public/js/app.js in ts language service.
[INFO ] update /var/www/vik/public/js/app.js in ts language service.
[INFO ] update /var/www/vik/public/js/app.js in ts language service.
[INFO ] update /var/www/vik/public/mix-manifest.json in ts language service.
[INFO ] update /var/www/vik/public/mix-manifest.json in ts language service.
[INFO ] update /var/www/vik/public/mix-manifest.json in ts language service.
[INFO ] update /var/www/vik/public/mix-manifest.json in ts language service.
[INFO ] update /var/www/vik/public/mix-manifest.json in ts language service.
[INFO ] update /var/www/vik/public/mix-manifest.json in ts language service.
[INFO ] update /var/www/vik/public/js/app.js in ts language service.
[INFO ] update /var/www/vik/public/js/app.js in ts language service.
[INFO ] update /var/www/vik/public/js/app.js in ts language service.
[INFO ] update /var/www/vik/public/mix-manifest.json in ts language service.
[INFO ] update /var/www/vik/public/mix-manifest.json in ts language service.
[INFO ] update /var/www/vik/public/mix-manifest.json in ts language service.
[INFO ] update /var/www/vik/public/mix-manifest.json in ts language service.
[INFO ] update /var/www/vik/public/mix-manifest.json in ts language service.
[INFO ] update /var/www/vik/public/mix-manifest.json in ts language service.
[INFO ] update /var/www/vik/public/js/app.js in ts language service.
[INFO ] update /var/www/vik/public/js/app.js in ts language service.
[INFO ] update /var/www/vik/public/js/app.js in ts language service.
[INFO ] update /var/www/vik/public/mix-manifest.json in ts language service.
[INFO ] update /var/www/vik/public/mix-manifest.json in ts language service.
[INFO ] update /var/www/vik/public/mix-manifest.json in ts language service.
[INFO ] update /var/www/vik/public/js/app.js in ts language service.
[INFO ] update /var/www/vik/public/js/app.js in ts language service.
[INFO ] update /var/www/vik/public/js/app.js in ts language service.
[INFO ] update /var/www/vik/public/mix-manifest.json in ts language service.
[INFO ] update /var/www/vik/public/mix-manifest.json in ts language service.
[INFO ] update /var/www/vik/public/mix-manifest.json in ts language service.
[INFO ] update /var/www/vik/public/js/app.js in ts language service.
[INFO ] update /var/www/vik/public/js/app.js in ts language service.
[INFO ] update /var/www/vik/public/js/app.js in ts language service.
[INFO ] update /var/www/vik/public/mix-manifest.json in ts language service.
[INFO ] update /var/www/vik/public/mix-manifest.json in ts language service.
[INFO ] update /var/www/vik/public/mix-manifest.json in ts language service.
[INFO ] update /var/www/vik/public/js/app.js in ts language service.
[INFO ] update /var/www/vik/public/js/app.js in ts language service.
[INFO ] update /var/www/vik/public/js/app.js in ts language service.
[INFO ] update /var/www/vik/public/mix-manifest.json in ts language service.
[INFO ] update /var/www/vik/public/mix-manifest.json in ts language service.
[INFO ] update /var/www/vik/public/mix-manifest.json in ts language service.
[INFO ] update /var/www/vik/public/js/app.js in ts language service.
[INFO ] update /var/www/vik/public/js/app.js in ts language service.
[INFO ] update /var/www/vik/public/js/app.js in ts language service.
[INFO ] update /var/www/vik/public/mix-manifest.json in ts language service.
[INFO ] update /var/www/vik/public/mix-manifest.json in ts language service.
[INFO ] update /var/www/vik/public/mix-manifest.json in ts language service.
[INFO ] update /var/www/vik/public/js/app.js in ts language service.
[INFO ] update /var/www/vik/public/js/app.js in ts language service.
[INFO ] update /var/www/vik/public/js/app.js in ts language service.
[INFO ] update /var/www/vik/public/mix-manifest.json in ts language service.
[INFO ] update /var/www/vik/public/mix-manifest.json in ts language service.
[INFO ] update /var/www/vik/public/mix-manifest.json in ts language service.
[INFO ] update /var/www/vik/public/js/app.js in ts language service.
[INFO ] update /var/www/vik/public/js/app.js in ts language service.
[INFO ] update /var/www/vik/public/js/app.js in ts language service.
[INFO ] update /var/www/vik/public/mix-manifest.json in ts language service.
[INFO ] update /var/www/vik/public/mix-manifest.json in ts language service.
[INFO ] update /var/www/vik/public/mix-manifest.json in ts language service.
[INFO ] update /var/www/vik/public/js/app.js in ts language service.
[INFO ] update /var/www/vik/public/js/app.js in ts language service.
[INFO ] update /var/www/vik/public/js/app.js in ts language service.
[INFO ] update /var/www/vik/resources/js/ChatService.js in ts language service.
[INFO ] update /var/www/vik/resources/js/ChatService.js in ts language service.
[INFO ] update /var/www/vik/resources/js/ChatService.js in ts language service.
[INFO ] update /var/www/vik/public/mix-manifest.json in ts language service.
[INFO ] update /var/www/vik/public/mix-manifest.json in ts language service.
[INFO ] update /var/www/vik/public/mix-manifest.json in ts language service.
[INFO ] update /var/www/vik/public/js/app.js in ts language service.
[INFO ] update /var/www/vik/public/js/app.js in ts language service.
[INFO ] update /var/www/vik/public/js/app.js in ts language service.
[INFO ] update /var/www/vik/public/mix-manifest.json in ts language service.
[INFO ] update /var/www/vik/public/mix-manifest.json in ts language service.
[INFO ] update /var/www/vik/public/mix-manifest.json in ts language service.
[INFO ] update /var/www/vik/resources/js/axios.js in ts language service.
[INFO ] update /var/www/vik/resources/js/axios.js in ts language service.
[INFO ] update /var/www/vik/resources/js/axios.js in ts language service.
[INFO ] update /var/www/vik/public/mix-manifest.json in ts language service.
[INFO ] update /var/www/vik/public/mix-manifest.json in ts language service.
[INFO ] update /var/www/vik/public/mix-manifest.json in ts language service.
[INFO ] update /var/www/vik/public/js/app.js in ts language service.
[INFO ] update /var/www/vik/public/js/app.js in ts language service.
[INFO ] update /var/www/vik/public/js/app.js in ts language service.
[INFO ] update /var/www/vik/public/mix-manifest.json in ts language service.
[INFO ] update /var/www/vik/public/mix-manifest.json in ts language service.
[INFO ] update /var/www/vik/public/mix-manifest.json in ts language service.
[INFO ] update /var/www/vik/resources/js/ChatService.js in ts language service.
[INFO ] update /var/www/vik/resources/js/ChatService.js in ts language service.
[INFO ] update /var/www/vik/resources/js/ChatService.js in ts language service.
[INFO ] update /var/www/vik/public/mix-manifest.json in ts language service.
[INFO ] update /var/www/vik/public/mix-manifest.json in ts language service.
[INFO ] update /var/www/vik/public/mix-manifest.json in ts language service.
[INFO ] update /var/www/vik/public/js/app.js in ts language service.
[INFO ] update /var/www/vik/public/js/app.js in ts language service.
[INFO ] update /var/www/vik/public/js/app.js in ts language service.
[INFO ] update /var/www/vik/public/mix-manifest.json in ts language service.
[INFO ] update /var/www/vik/public/mix-manifest.json in ts language service.
[INFO ] update /var/www/vik/public/mix-manifest.json in ts language service.
[INFO ] update /var/www/vik/resources/js/app.js in ts language service.
[INFO ] update /var/www/vik/resources/js/app.js in ts language service.
[INFO ] update /var/www/vik/resources/js/app.js in ts language service.
[INFO ] update /var/www/vik/resources/js/app.js in ts language service.
[INFO ] update /var/www/vik/resources/js/app.js in ts language service.
[INFO ] update /var/www/vik/resources/js/app.js in ts language service.
[INFO ] update /var/www/vik/public/mix-manifest.json in ts language service.
[INFO ] update /var/www/vik/public/mix-manifest.json in ts language service.
[INFO ] update /var/www/vik/public/mix-manifest.json in ts language service.
[INFO ] update /var/www/vik/public/js/app.js in ts language service.
[INFO ] update /var/www/vik/public/js/app.js in ts language service.
[INFO ] update /var/www/vik/public/js/app.js in ts language service.
[INFO ] update /var/www/vik/public/mix-manifest.json in ts language service.
[INFO ] update /var/www/vik/public/mix-manifest.json in ts language service.
[INFO ] update /var/www/vik/public/mix-manifest.json in ts language service.
[INFO ] update /var/www/vik/public/mix-manifest.json in ts language service.
[INFO ] update /var/www/vik/public/mix-manifest.json in ts language service.
[INFO ] update /var/www/vik/public/mix-manifest.json in ts language service.
[INFO ] update /var/www/vik/public/js/app.js in ts language service.
[INFO ] update /var/www/vik/public/js/app.js in ts language service.
[INFO ] update /var/www/vik/public/js/app.js in ts language service.
[INFO ] update /var/www/vik/public/mix-manifest.json in ts language service.
[INFO ] update /var/www/vik/public/mix-manifest.json in ts language service.
[INFO ] update /var/www/vik/public/mix-manifest.json in ts language service.
[INFO ] update /var/www/vik/public/js/app.js in ts language service.
[INFO ] update /var/www/vik/public/js/app.js in ts language service.
[INFO ] update /var/www/vik/public/js/app.js in ts language service.
[INFO ] update /var/www/vik/public/mix-manifest.json in ts language service.
[INFO ] update /var/www/vik/public/mix-manifest.json in ts language service.
[INFO ] update /var/www/vik/public/mix-manifest.json in ts language service.
[INFO ] update /var/www/vik/public/js/app.js in ts language service.
[INFO ] update /var/www/vik/public/js/app.js in ts language service.
[INFO ] update /var/www/vik/public/js/app.js in ts language service.
[INFO ] update /var/www/vik/public/mix-manifest.json in ts language service.
[INFO ] update /var/www/vik/public/mix-manifest.json in ts language service.
[INFO ] update /var/www/vik/public/mix-manifest.json in ts language service.
[INFO ] update /var/www/vik/public/mix-manifest.json in ts language service.
[INFO ] update /var/www/vik/public/mix-manifest.json in ts language service.
[INFO ] update /var/www/vik/public/mix-manifest.json in ts language service.
[INFO ] update /var/www/vik/public/mix-manifest.json in ts language service.
[INFO ] update /var/www/vik/public/mix-manifest.json in ts language service.
[INFO ] update /var/www/vik/public/mix-manifest.json in ts language service.
[INFO ] update /var/www/vik/public/js/app.js in ts language service.
[INFO ] update /var/www/vik/public/js/app.js in ts language service.
[INFO ] update /var/www/vik/public/js/app.js in ts language service.
[INFO ] update /var/www/vik/public/mix-manifest.json in ts language service.
[INFO ] update /var/www/vik/public/mix-manifest.json in ts language service.
[INFO ] update /var/www/vik/public/mix-manifest.json in ts language service.
[INFO ] update /var/www/vik/public/js/app.js in ts language service.
[INFO ] update /var/www/vik/public/js/app.js in ts language service.
[INFO ] update /var/www/vik/public/js/app.js in ts language service.
[INFO ] update /var/www/vik/resources/js/ChatService.js in ts language service.
[INFO ] update /var/www/vik/resources/js/ChatService.js in ts language service.
[INFO ] update /var/www/vik/resources/js/ChatService.js in ts language service.
[INFO ] update /var/www/vik/public/mix-manifest.json in ts language service.
[INFO ] update /var/www/vik/public/mix-manifest.json in ts language service.
[INFO ] update /var/www/vik/public/mix-manifest.json in ts language service.
[INFO ] update /var/www/vik/public/js/app.js in ts language service.
[INFO ] update /var/www/vik/public/js/app.js in ts language service.
[INFO ] update /var/www/vik/public/js/app.js in ts language service.
[INFO ] update /var/www/vik/resources/js/ChatService.js in ts language service.
[INFO ] update /var/www/vik/resources/js/ChatService.js in ts language service.
[INFO ] update /var/www/vik/resources/js/ChatService.js in ts language service.
[INFO ] update /var/www/vik/public/mix-manifest.json in ts language service.
[INFO ] update /var/www/vik/public/mix-manifest.json in ts language service.
[INFO ] update /var/www/vik/public/mix-manifest.json in ts language service.
[INFO ] update /var/www/vik/public/js/app.js in ts language service.
[INFO ] update /var/www/vik/public/js/app.js in ts language service.
[INFO ] update /var/www/vik/public/js/app.js in ts language service.
[INFO ] update /var/www/vik/public/mix-manifest.json in ts language service.
[INFO ] update /var/www/vik/public/mix-manifest.json in ts language service.
[INFO ] update /var/www/vik/public/mix-manifest.json in ts language service.
[INFO ] update /var/www/vik/public/js/app.js in ts language service.
[INFO ] update /var/www/vik/public/js/app.js in ts language service.
[INFO ] update /var/www/vik/public/js/app.js in ts language service.
[INFO ] update /var/www/vik/public/mix-manifest.json in ts language service.
[INFO ] update /var/www/vik/public/mix-manifest.json in ts language service.
[INFO ] update /var/www/vik/public/mix-manifest.json in ts language service.
[INFO ] update /var/www/vik/public/js/app.js in ts language service.
[INFO ] update /var/www/vik/public/js/app.js in ts language service.
[INFO ] update /var/www/vik/public/js/app.js in ts language service.
[INFO ] update /var/www/vik/resources/js/ChatService.js in ts language service.
[INFO ] update /var/www/vik/resources/js/ChatService.js in ts language service.
[INFO ] update /var/www/vik/resources/js/ChatService.js in ts language service.
[INFO ] update /var/www/vik/public/mix-manifest.json in ts language service.
[INFO ] update /var/www/vik/public/mix-manifest.json in ts language service.
[INFO ] update /var/www/vik/public/mix-manifest.json in ts language service.
[INFO ] update /var/www/vik/public/js/app.js in ts language service.
[INFO ] update /var/www/vik/public/js/app.js in ts language service.
[INFO ] update /var/www/vik/public/js/app.js in ts language service.
[INFO ] update /var/www/vik/public/mix-manifest.json in ts language service.
[INFO ] update /var/www/vik/public/mix-manifest.json in ts language service.
[INFO ] update /var/www/vik/public/mix-manifest.json in ts language service.
[INFO ] update /var/www/vik/public/js/app.js in ts language service.
[INFO ] update /var/www/vik/public/js/app.js in ts language service.
[INFO ] update /var/www/vik/public/js/app.js in ts language service.
[INFO ] update /var/www/vik/public/mix-manifest.json in ts language service.
[INFO ] update /var/www/vik/public/mix-manifest.json in ts language service.
[INFO ] update /var/www/vik/public/mix-manifest.json in ts language service.
[INFO ] update /var/www/vik/public/mix-manifest.json in ts language service.
[INFO ] update /var/www/vik/public/mix-manifest.json in ts language service.
[INFO ] update /var/www/vik/public/mix-manifest.json in ts language service.
[INFO ] update /var/www/vik/public/js/app.js in ts language service.
[INFO ] update /var/www/vik/public/js/app.js in ts language service.
[INFO ] update /var/www/vik/public/js/app.js in ts language service.
[INFO ] update /var/www/vik/public/mix-manifest.json in ts language service.
[INFO ] update /var/www/vik/public/mix-manifest.json in ts language service.
[INFO ] update /var/www/vik/public/mix-manifest.json in ts language service.
[INFO ] update /var/www/vik/public/mix-manifest.json in ts language service.
[INFO ] update /var/www/vik/public/mix-manifest.json in ts language service.
[INFO ] update /var/www/vik/public/mix-manifest.json in ts language service.
[INFO ] update /var/www/vik/public/js/app.js in ts language service.
[INFO ] update /var/www/vik/public/js/app.js in ts language service.
[INFO ] update /var/www/vik/public/js/app.js in ts language service.
[INFO ] update /var/www/vik/public/mix-manifest.json in ts language service.
[INFO ] update /var/www/vik/public/mix-manifest.json in ts language service.
[INFO ] update /var/www/vik/public/mix-manifest.json in ts language service.
[INFO ] update /var/www/vik/public/js/app.js in ts language service.
[INFO ] update /var/www/vik/public/js/app.js in ts language service.
[INFO ] update /var/www/vik/public/js/app.js in ts language service.
[INFO ] update /var/www/vik/public/mix-manifest.json in ts language service.
[INFO ] update /var/www/vik/public/mix-manifest.json in ts language service.
[INFO ] update /var/www/vik/public/mix-manifest.json in ts language service.
[INFO ] update /var/www/vik/public/js/app.js in ts language service.
[INFO ] update /var/www/vik/public/js/app.js in ts language service.
[INFO ] update /var/www/vik/public/js/app.js in ts language service.
[INFO ] update /var/www/vik/public/mix-manifest.json in ts language service.
[INFO ] update /var/www/vik/public/mix-manifest.json in ts language service.
[INFO ] update /var/www/vik/public/mix-manifest.json in ts language service.
[INFO ] update /var/www/vik/public/mix-manifest.json in ts language service.
[INFO ] update /var/www/vik/public/mix-manifest.json in ts language service.
[INFO ] update /var/www/vik/public/mix-manifest.json in ts language service.
[INFO ] update /var/www/vik/public/js/app.js in ts language service.
[INFO ] update /var/www/vik/public/js/app.js in ts language service.
[INFO ] update /var/www/vik/public/js/app.js in ts language service.
[INFO ] update /var/www/vik/public/mix-manifest.json in ts language service.
[INFO ] update /var/www/vik/public/mix-manifest.json in ts language service.
[INFO ] update /var/www/vik/public/mix-manifest.json in ts language service.
[INFO ] update /var/www/vik/public/js/app.js in ts language service.
[INFO ] update /var/www/vik/public/js/app.js in ts language service.
[INFO ] update /var/www/vik/public/js/app.js in ts language service.
[INFO ] update /var/www/vik/public/mix-manifest.json in ts language service.
[INFO ] update /var/www/vik/public/mix-manifest.json in ts language service.
[INFO ] update /var/www/vik/public/mix-manifest.json in ts language service.
[INFO ] update /var/www/vik/public/mix-manifest.json in ts language service.
[INFO ] update /var/www/vik/public/mix-manifest.json in ts language service.
[INFO ] update /var/www/vik/public/mix-manifest.json in ts language service.
[INFO ] update /var/www/vik/public/js/app.js in ts language service.
[INFO ] update /var/www/vik/public/js/app.js in ts language service.
[INFO ] update /var/www/vik/public/js/app.js in ts language service.
[INFO ] update /var/www/vik/public/mix-manifest.json in ts language service.
[INFO ] update /var/www/vik/public/mix-manifest.json in ts language service.
[INFO ] update /var/www/vik/public/mix-manifest.json in ts language service.
[INFO ] update /var/www/vik/public/js/app.js in ts language service.
[INFO ] update /var/www/vik/public/js/app.js in ts language service.
[INFO ] update /var/www/vik/public/js/app.js in ts language service.
[INFO ] update /var/www/vik/public/mix-manifest.json in ts language service.
[INFO ] update /var/www/vik/public/mix-manifest.json in ts language service.
[INFO ] update /var/www/vik/public/mix-manifest.json in ts language service.
[INFO ] update /var/www/vik/public/js/app.js in ts language service.
[INFO ] update /var/www/vik/public/js/app.js in ts language service.
[INFO ] update /var/www/vik/public/js/app.js in ts language service.
[INFO ] update /var/www/vik/public/mix-manifest.json in ts language service.
[INFO ] update /var/www/vik/public/mix-manifest.json in ts language service.
[INFO ] update /var/www/vik/public/mix-manifest.json in ts language service.
[INFO ] update /var/www/vik/public/js/app.js in ts language service.
[INFO ] update /var/www/vik/public/js/app.js in ts language service.
[INFO ] update /var/www/vik/public/js/app.js in ts language service.
[INFO ] update /var/www/vik/public/mix-manifest.json in ts language service.
[INFO ] update /var/www/vik/public/mix-manifest.json in ts language service.
[INFO ] update /var/www/vik/public/mix-manifest.json in ts language service.
[INFO ] update /var/www/vik/public/mix-manifest.json in ts language service.
[INFO ] update /var/www/vik/public/mix-manifest.json in ts language service.
[INFO ] update /var/www/vik/public/mix-manifest.json in ts language service.
[INFO ] update /var/www/vik/public/js/app.js in ts language service.
[INFO ] update /var/www/vik/public/js/app.js in ts language service.
[INFO ] update /var/www/vik/public/js/app.js in ts language service.
[INFO ] update /var/www/vik/public/mix-manifest.json in ts language service.
[INFO ] update /var/www/vik/public/mix-manifest.json in ts language service.
[INFO ] update /var/www/vik/public/mix-manifest.json in ts language service.
[INFO ] update /var/www/vik/public/mix-manifest.json in ts language service.
[INFO ] update /var/www/vik/public/mix-manifest.json in ts language service.
[INFO ] update /var/www/vik/public/mix-manifest.json in ts language service.
[INFO ] update /var/www/vik/public/js/app.js in ts language service.
[INFO ] update /var/www/vik/public/js/app.js in ts language service.
[INFO ] update /var/www/vik/public/js/app.js in ts language service.
[INFO ] update /var/www/vik/public/mix-manifest.json in ts language service.
[INFO ] update /var/www/vik/public/mix-manifest.json in ts language service.
[INFO ] update /var/www/vik/public/mix-manifest.json in ts language service.
[INFO ] update /var/www/vik/public/mix-manifest.json in ts language service.
[INFO ] update /var/www/vik/public/mix-manifest.json in ts language service.
[INFO ] update /var/www/vik/public/mix-manifest.json in ts language service.
[INFO ] update /var/www/vik/public/js/app.js in ts language service.
[INFO ] update /var/www/vik/public/js/app.js in ts language service.
[INFO ] update /var/www/vik/public/js/app.js in ts language service.
[INFO ] update /var/www/vik/public/mix-manifest.json in ts language service.
[INFO ] update /var/www/vik/public/mix-manifest.json in ts language service.
[INFO ] update /var/www/vik/public/mix-manifest.json in ts language service.
[INFO ] update /var/www/vik/public/js/app.js in ts language service.
[INFO ] update /var/www/vik/public/js/app.js in ts language service.
[INFO ] update /var/www/vik/public/js/app.js in ts language service.
[INFO ] update /var/www/vik/public/mix-manifest.json in ts language service.
[INFO ] update /var/www/vik/public/mix-manifest.json in ts language service.
[INFO ] update /var/www/vik/public/mix-manifest.json in ts language service.
[INFO ] update /var/www/vik/public/mix-manifest.json in ts language service.
[INFO ] update /var/www/vik/public/mix-manifest.json in ts language service.
[INFO ] update /var/www/vik/public/mix-manifest.json in ts language service.
[INFO ] update /var/www/vik/public/js/app.js in ts language service.
[INFO ] update /var/www/vik/public/js/app.js in ts language service.
[INFO ] update /var/www/vik/public/js/app.js in ts language service.
[INFO ] update /var/www/vik/resources/js/axios.js in ts language service.
[INFO ] update /var/www/vik/resources/js/axios.js in ts language service.
[INFO ] update /var/www/vik/resources/js/axios.js in ts language service.
[INFO ] update /var/www/vik/public/mix-manifest.json in ts language service.
[INFO ] update /var/www/vik/public/mix-manifest.json in ts language service.
[INFO ] update /var/www/vik/public/mix-manifest.json in ts language service.
[INFO ] update /var/www/vik/public/js/app.js in ts language service.
[INFO ] update /var/www/vik/public/js/app.js in ts language service.
[INFO ] update /var/www/vik/public/js/app.js in ts language service.
[INFO ] update /var/www/vik/public/mix-manifest.json in ts language service.
[INFO ] update /var/www/vik/public/mix-manifest.json in ts language service.
[INFO ] update /var/www/vik/public/mix-manifest.json in ts language service.
