Vetur initialized
[INFO ] Find node_modules paths in /var/www/vik - 26168ms
[INFO ] Loaded bundled typescript@4.1.2.
[INFO ] Loaded bundled prettier.
[INFO ] Loaded bundled @starptech/prettyhtml.
[INFO ] Loaded bundled prettier-eslint.
[INFO ] Loaded bundled prettier-tslint.
[INFO ] Loaded bundled stylus-supremacy.
[INFO ] Loaded bundled @prettier/plugin-pug.
[INFO ] update /var/www/vik/public/mix-manifest.json in ts language service.
[INFO ] update /var/www/vik/public/mix-manifest.json in ts language service.
[INFO ] update /var/www/vik/public/mix-manifest.json in ts language service.
[INFO ] update /var/www/vik/public/js/app.js in ts language service.
[INFO ] update /var/www/vik/public/js/app.js in ts language service.
[INFO ] update /var/www/vik/public/js/app.js in ts language service.
[INFO ] update /var/www/vik/public/mix-manifest.json in ts language service.
[INFO ] update /var/www/vik/public/mix-manifest.json in ts language service.
[INFO ] update /var/www/vik/public/mix-manifest.json in ts language service.
[INFO ] update /var/www/vik/public/mix-manifest.json in ts language service.
[INFO ] update /var/www/vik/public/mix-manifest.json in ts language service.
[INFO ] update /var/www/vik/public/mix-manifest.json in ts language service.
[INFO ] update /var/www/vik/public/js/app.js in ts language service.
[INFO ] update /var/www/vik/public/js/app.js in ts language service.
[INFO ] update /var/www/vik/public/js/app.js in ts language service.
[INFO ] update /var/www/vik/public/js/app.js in ts language service.
[INFO ] update /var/www/vik/public/js/app.js in ts language service.
[INFO ] update /var/www/vik/public/js/app.js in ts language service.
[INFO ] update /var/www/vik/public/mix-manifest.json in ts language service.
[INFO ] update /var/www/vik/public/mix-manifest.json in ts language service.
[INFO ] update /var/www/vik/public/mix-manifest.json in ts language service.
[INFO ] update /var/www/vik/public/mix-manifest.json in ts language service.
[INFO ] update /var/www/vik/public/mix-manifest.json in ts language service.
[INFO ] update /var/www/vik/public/mix-manifest.json in ts language service.
[INFO ] update /var/www/vik/public/js/app.js in ts language service.
[INFO ] update /var/www/vik/public/js/app.js in ts language service.
[INFO ] update /var/www/vik/public/js/app.js in ts language service.
[INFO ] update /var/www/vik/public/mix-manifest.json in ts language service.
[INFO ] update /var/www/vik/public/mix-manifest.json in ts language service.
[INFO ] update /var/www/vik/public/mix-manifest.json in ts language service.
[INFO ] update /var/www/vik/public/mix-manifest.json in ts language service.
[INFO ] update /var/www/vik/public/mix-manifest.json in ts language service.
[INFO ] update /var/www/vik/public/mix-manifest.json in ts language service.
[INFO ] update /var/www/vik/public/mix-manifest.json in ts language service.
[INFO ] update /var/www/vik/public/mix-manifest.json in ts language service.
[INFO ] update /var/www/vik/public/mix-manifest.json in ts language service.
[INFO ] update /var/www/vik/public/js/app.js in ts language service.
[INFO ] update /var/www/vik/public/js/app.js in ts language service.
[INFO ] update /var/www/vik/public/js/app.js in ts language service.
[INFO ] update /var/www/vik/public/mix-manifest.json in ts language service.
[INFO ] update /var/www/vik/public/mix-manifest.json in ts language service.
[INFO ] update /var/www/vik/public/mix-manifest.json in ts language service.
[INFO ] update /var/www/vik/public/js/app.js in ts language service.
[INFO ] update /var/www/vik/public/js/app.js in ts language service.
[INFO ] update /var/www/vik/public/js/app.js in ts language service.
[INFO ] update /var/www/vik/public/mix-manifest.json in ts language service.
[INFO ] update /var/www/vik/public/mix-manifest.json in ts language service.
[INFO ] update /var/www/vik/public/mix-manifest.json in ts language service.
[INFO ] update /var/www/vik/public/mix-manifest.json in ts language service.
[INFO ] update /var/www/vik/public/mix-manifest.json in ts language service.
[INFO ] update /var/www/vik/public/mix-manifest.json in ts language service.
[INFO ] update /var/www/vik/public/js/app.js in ts language service.
[INFO ] update /var/www/vik/public/js/app.js in ts language service.
[INFO ] update /var/www/vik/public/js/app.js in ts language service.
[INFO ] update /var/www/vik/public/mix-manifest.json in ts language service.
[INFO ] update /var/www/vik/public/mix-manifest.json in ts language service.
[INFO ] update /var/www/vik/public/mix-manifest.json in ts language service.
[INFO ] update /var/www/vik/public/js/app.js in ts language service.
[INFO ] update /var/www/vik/public/js/app.js in ts language service.
[INFO ] update /var/www/vik/public/js/app.js in ts language service.
[INFO ] update /var/www/vik/public/mix-manifest.json in ts language service.
[INFO ] update /var/www/vik/public/mix-manifest.json in ts language service.
[INFO ] update /var/www/vik/public/mix-manifest.json in ts language service.
[INFO ] update /var/www/vik/public/mix-manifest.json in ts language service.
[INFO ] update /var/www/vik/public/mix-manifest.json in ts language service.
[INFO ] update /var/www/vik/public/mix-manifest.json in ts language service.
[INFO ] update /var/www/vik/public/js/app.js in ts language service.
[INFO ] update /var/www/vik/public/js/app.js in ts language service.
[INFO ] update /var/www/vik/public/js/app.js in ts language service.
[INFO ] update /var/www/vik/public/mix-manifest.json in ts language service.
[INFO ] update /var/www/vik/public/mix-manifest.json in ts language service.
[INFO ] update /var/www/vik/public/mix-manifest.json in ts language service.
[INFO ] update /var/www/vik/public/mix-manifest.json in ts language service.
[INFO ] update /var/www/vik/public/mix-manifest.json in ts language service.
[INFO ] update /var/www/vik/public/mix-manifest.json in ts language service.
[INFO ] update /var/www/vik/public/js/app.js in ts language service.
[INFO ] update /var/www/vik/public/js/app.js in ts language service.
[INFO ] update /var/www/vik/public/js/app.js in ts language service.
[INFO ] update /var/www/vik/public/mix-manifest.json in ts language service.
[INFO ] update /var/www/vik/public/mix-manifest.json in ts language service.
[INFO ] update /var/www/vik/public/mix-manifest.json in ts language service.
[INFO ] update /var/www/vik/public/mix-manifest.json in ts language service.
[INFO ] update /var/www/vik/public/mix-manifest.json in ts language service.
[INFO ] update /var/www/vik/public/mix-manifest.json in ts language service.
[INFO ] update /var/www/vik/public/js/app.js in ts language service.
[INFO ] update /var/www/vik/public/js/app.js in ts language service.
[INFO ] update /var/www/vik/public/js/app.js in ts language service.
[INFO ] update /var/www/vik/public/mix-manifest.json in ts language service.
[INFO ] update /var/www/vik/public/mix-manifest.json in ts language service.
[INFO ] update /var/www/vik/public/mix-manifest.json in ts language service.
[INFO ] update /var/www/vik/public/js/app.js in ts language service.
[INFO ] update /var/www/vik/public/js/app.js in ts language service.
[INFO ] update /var/www/vik/public/js/app.js in ts language service.
[INFO ] update /var/www/vik/public/mix-manifest.json in ts language service.
[INFO ] update /var/www/vik/public/mix-manifest.json in ts language service.
[INFO ] update /var/www/vik/public/mix-manifest.json in ts language service.
[INFO ] update /var/www/vik/public/js/app.js in ts language service.
[INFO ] update /var/www/vik/public/js/app.js in ts language service.
[INFO ] update /var/www/vik/public/js/app.js in ts language service.
[INFO ] update /var/www/vik/public/mix-manifest.json in ts language service.
[INFO ] update /var/www/vik/public/mix-manifest.json in ts language service.
[INFO ] update /var/www/vik/public/mix-manifest.json in ts language service.
[INFO ] update /var/www/vik/public/js/app.js in ts language service.
[INFO ] update /var/www/vik/public/js/app.js in ts language service.
[INFO ] update /var/www/vik/public/js/app.js in ts language service.
