Looking for git in: git
Using git 2.17.1 from git
> git rev-parse --git-dir
Open repository: /var/www/vik
> git status -z -u
> git check-ignore -v -z --stdin
> git symbolic-ref --short HEAD
> git rev-parse master
> git rev-parse --symbolic-full-name master@{u}
> git rev-list --left-right master...refs/remotes/origin/master
> git for-each-ref --sort -committerdate --format %(refname) %(objectname)
> git remote --verbose
> git config --get commit.template
> git show --textconv :resources/js/components/Notification.vue
> git ls-files --stage -- /var/www/vik/resources/js/components/Notification.vue
> git cat-file -s f7e1dc7e662e55749e919520cf3a3969604b1250
> git check-ignore -v -z --stdin
> git show --textconv :resources/js/components/ChatWidget.vue
> git ls-files --stage -- /var/www/vik/resources/js/components/ChatWidget.vue
> git cat-file -s ddeabf4808a60842846659a2d1ff952b07cdfb3c
> git status -z -u
> git symbolic-ref --short HEAD
> git rev-parse master
> git rev-parse --symbolic-full-name master@{u}
> git rev-list --left-right master...refs/remotes/origin/master
> git for-each-ref --sort -committerdate --format %(refname) %(objectname)
> git remote --verbose
> git config --get commit.template
> git status -z -u
> git symbolic-ref --short HEAD
> git rev-parse master
> git rev-parse --symbolic-full-name master@{u}
> git rev-list --left-right master...refs/remotes/origin/master
> git for-each-ref --sort -committerdate --format %(refname) %(objectname)
> git remote --verbose
> git config --get commit.template
> git status -z -u
> git symbolic-ref --short HEAD
> git rev-parse master
> git rev-parse --symbolic-full-name master@{u}
> git rev-list --left-right master...refs/remotes/origin/master
> git for-each-ref --sort -committerdate --format %(refname) %(objectname)
> git remote --verbose
> git config --get commit.template
> git status -z -u
> git symbolic-ref --short HEAD
> git rev-parse master
> git rev-parse --symbolic-full-name master@{u}
> git rev-list --left-right master...refs/remotes/origin/master
> git for-each-ref --sort -committerdate --format %(refname) %(objectname)
> git remote --verbose
> git config --get commit.template
> git status -z -u
> git symbolic-ref --short HEAD
> git rev-parse master
> git rev-parse --symbolic-full-name master@{u}
> git rev-list --left-right master...refs/remotes/origin/master
> git for-each-ref --sort -committerdate --format %(refname) %(objectname)
> git remote --verbose
> git config --get commit.template
> git status -z -u
> git symbolic-ref --short HEAD
> git rev-parse master
> git rev-parse --symbolic-full-name master@{u}
> git rev-list --left-right master...refs/remotes/origin/master
> git for-each-ref --sort -committerdate --format %(refname) %(objectname)
> git remote --verbose
> git config --get commit.template
> git status -z -u
> git symbolic-ref --short HEAD
> git rev-parse master
> git rev-parse --symbolic-full-name master@{u}
> git rev-list --left-right master...refs/remotes/origin/master
> git for-each-ref --sort -committerdate --format %(refname) %(objectname)
> git remote --verbose
> git config --get commit.template
> git status -z -u
> git symbolic-ref --short HEAD
> git rev-parse master
> git rev-parse --symbolic-full-name master@{u}
> git rev-list --left-right master...refs/remotes/origin/master
> git for-each-ref --sort -committerdate --format %(refname) %(objectname)
> git remote --verbose
> git config --get commit.template
> git status -z -u
> git symbolic-ref --short HEAD
> git rev-parse master
> git rev-parse --symbolic-full-name master@{u}
> git rev-list --left-right master...refs/remotes/origin/master
> git for-each-ref --sort -committerdate --format %(refname) %(objectname)
> git remote --verbose
> git config --get commit.template
> git status -z -u
> git symbolic-ref --short HEAD
> git rev-parse master
> git rev-parse --symbolic-full-name master@{u}
> git rev-list --left-right master...refs/remotes/origin/master
> git for-each-ref --sort -committerdate --format %(refname) %(objectname)
> git remote --verbose
> git config --get commit.template
> git status -z -u
> git symbolic-ref --short HEAD
> git rev-parse master
> git rev-parse --symbolic-full-name master@{u}
> git rev-list --left-right master...refs/remotes/origin/master
> git for-each-ref --sort -committerdate --format %(refname) %(objectname)
> git remote --verbose
> git config --get commit.template
> git status -z -u
> git symbolic-ref --short HEAD
> git rev-parse master
> git rev-parse --symbolic-full-name master@{u}
> git rev-list --left-right master...refs/remotes/origin/master
> git for-each-ref --sort -committerdate --format %(refname) %(objectname)
> git remote --verbose
> git config --get commit.template
> git status -z -u
> git symbolic-ref --short HEAD
> git rev-parse master
> git rev-parse --symbolic-full-name master@{u}
> git rev-list --left-right master...refs/remotes/origin/master
> git for-each-ref --sort -committerdate --format %(refname) %(objectname)
> git remote --verbose
> git config --get commit.template
> git status -z -u
> git symbolic-ref --short HEAD
> git rev-parse master
> git rev-parse --symbolic-full-name master@{u}
> git rev-list --left-right master...refs/remotes/origin/master
> git for-each-ref --sort -committerdate --format %(refname) %(objectname)
> git remote --verbose
> git config --get commit.template
> git status -z -u
> git symbolic-ref --short HEAD
> git rev-parse master
> git rev-parse --symbolic-full-name master@{u}
> git rev-list --left-right master...refs/remotes/origin/master
> git for-each-ref --sort -committerdate --format %(refname) %(objectname)
> git remote --verbose
> git config --get commit.template
> git status -z -u
> git symbolic-ref --short HEAD
> git rev-parse master
> git rev-parse --symbolic-full-name master@{u}
> git rev-list --left-right master...refs/remotes/origin/master
> git for-each-ref --sort -committerdate --format %(refname) %(objectname)
> git remote --verbose
> git config --get commit.template
> git status -z -u
> git symbolic-ref --short HEAD
> git rev-parse master
> git rev-parse --symbolic-full-name master@{u}
> git rev-list --left-right master...refs/remotes/origin/master
> git for-each-ref --sort -committerdate --format %(refname) %(objectname)
> git remote --verbose
> git config --get commit.template
> git show --textconv :resources/js/ChatService.js
> git ls-files --stage -- /var/www/vik/resources/js/ChatService.js
> git cat-file -s 623aa82ffe7f7e029a3fe14505b2b77804b7c302
> git status -z -u
> git symbolic-ref --short HEAD
> git rev-parse master
> git rev-parse --symbolic-full-name master@{u}
> git rev-list --left-right master...refs/remotes/origin/master
> git for-each-ref --sort -committerdate --format %(refname) %(objectname)
> git remote --verbose
> git config --get commit.template
> git status -z -u
> git symbolic-ref --short HEAD
> git rev-parse master
> git rev-parse --symbolic-full-name master@{u}
> git rev-list --left-right master...refs/remotes/origin/master
> git for-each-ref --sort -committerdate --format %(refname) %(objectname)
> git remote --verbose
> git config --get commit.template
> git check-ignore -v -z --stdin
> git check-ignore -v -z --stdin
> git show --textconv :app/Http/Controllers/api/ChatAPIController.php
> git ls-files --stage -- /var/www/vik/app/Http/Controllers/api/ChatAPIController.php
> git cat-file -s 8131332b9fbd2e22ff97fe788aba8749c3ee479e
> git status -z -u
> git symbolic-ref --short HEAD
> git rev-parse master
> git rev-parse --symbolic-full-name master@{u}
> git rev-list --left-right master...refs/remotes/origin/master
> git for-each-ref --sort -committerdate --format %(refname) %(objectname)
> git remote --verbose
> git config --get commit.template
> git status -z -u
> git symbolic-ref --short HEAD
> git rev-parse master
> git rev-parse --symbolic-full-name master@{u}
> git rev-list --left-right master...refs/remotes/origin/master
> git for-each-ref --sort -committerdate --format %(refname) %(objectname)
> git remote --verbose
> git config --get commit.template
> git check-ignore -v -z --stdin
> git check-ignore -v -z --stdin
> git show --textconv :database/migrations/2020_11_09_214814_add_columns_to_users.php
> git ls-files --stage -- /var/www/vik/database/migrations/2020_11_09_214814_add_columns_to_users.php
> git cat-file -s d4de13088ac4d127afb6c9e5cf127286cb7bfc7d
> git show --textconv :database/migrations/2020_11_14_032504_create_messages_table.php
> git ls-files --stage -- /var/www/vik/database/migrations/2020_11_14_032504_create_messages_table.php
> git cat-file -s 70088243879bf2e3a3285288efcf65478a4926b9
> git status -z -u
> git symbolic-ref --short HEAD
> git rev-parse master
> git rev-parse --symbolic-full-name master@{u}
> git rev-list --left-right master...refs/remotes/origin/master
> git for-each-ref --sort -committerdate --format %(refname) %(objectname)
> git remote --verbose
> git config --get commit.template
> git show --textconv :app/Http/Controllers/api/ChatAPIController.php
> git ls-files --stage -- /var/www/vik/app/Http/Controllers/api/ChatAPIController.php
> git cat-file -s 8131332b9fbd2e22ff97fe788aba8749c3ee479e
> git show --textconv :database/migrations/2020_11_14_032504_create_messages_table.php
> git ls-files --stage -- /var/www/vik/database/migrations/2020_11_14_032504_create_messages_table.php
> git cat-file -s 70088243879bf2e3a3285288efcf65478a4926b9
> git status -z -u
> git symbolic-ref --short HEAD
> git rev-parse master
> git rev-parse --symbolic-full-name master@{u}
> git rev-list --left-right master...refs/remotes/origin/master
> git for-each-ref --sort -committerdate --format %(refname) %(objectname)
> git remote --verbose
> git config --get commit.template
> git show --textconv :app/Http/Controllers/api/ChatAPIController.php
> git ls-files --stage -- /var/www/vik/app/Http/Controllers/api/ChatAPIController.php
> git cat-file -s 8131332b9fbd2e22ff97fe788aba8749c3ee479e
> git status -z -u
> git symbolic-ref --short HEAD
> git rev-parse master
> git rev-parse --symbolic-full-name master@{u}
> git rev-list --left-right master...refs/remotes/origin/master
> git for-each-ref --sort -committerdate --format %(refname) %(objectname)
> git remote --verbose
> git config --get commit.template
> git status -z -u
> git symbolic-ref --short HEAD
> git rev-parse master
> git rev-parse --symbolic-full-name master@{u}
> git rev-list --left-right master...refs/remotes/origin/master
> git for-each-ref --sort -committerdate --format %(refname) %(objectname)
> git remote --verbose
> git config --get commit.template
> git show --textconv :resources/js/ChatService.js
> git ls-files --stage -- /var/www/vik/resources/js/ChatService.js
> git cat-file -s 623aa82ffe7f7e029a3fe14505b2b77804b7c302
> git show --textconv :app/Http/Controllers/api/ChatAPIController.php
> git ls-files --stage -- /var/www/vik/app/Http/Controllers/api/ChatAPIController.php
> git cat-file -s 8131332b9fbd2e22ff97fe788aba8749c3ee479e
> git show --textconv :resources/js/ChatService.js
> git ls-files --stage -- /var/www/vik/resources/js/ChatService.js
> git cat-file -s 623aa82ffe7f7e029a3fe14505b2b77804b7c302
> git show --textconv :app/Http/Controllers/api/ChatAPIController.php
> git ls-files --stage -- /var/www/vik/app/Http/Controllers/api/ChatAPIController.php
> git cat-file -s 8131332b9fbd2e22ff97fe788aba8749c3ee479e
> git show --textconv :resources/js/ChatService.js
> git ls-files --stage -- /var/www/vik/resources/js/ChatService.js
> git cat-file -s 623aa82ffe7f7e029a3fe14505b2b77804b7c302
> git status -z -u
> git symbolic-ref --short HEAD
> git rev-parse master
> git rev-parse --symbolic-full-name master@{u}
> git rev-list --left-right master...refs/remotes/origin/master
> git for-each-ref --sort -committerdate --format %(refname) %(objectname)
> git remote --verbose
> git config --get commit.template
> git show --textconv :resources/js/components/ChatWidget.vue
> git ls-files --stage -- /var/www/vik/resources/js/components/ChatWidget.vue
> git cat-file -s ddeabf4808a60842846659a2d1ff952b07cdfb3c
> git check-ignore -v -z --stdin
> git check-ignore -v -z --stdin
> git show --textconv :routes/v1.php
> git ls-files --stage -- /var/www/vik/routes/v1.php
> git cat-file -s 0798eb2a6686ad0573bc3f775e8bb0002e962c68
> git show --textconv :app/Http/Controllers/api/ChatAPIController.php
> git ls-files --stage -- /var/www/vik/app/Http/Controllers/api/ChatAPIController.php
> git cat-file -s 8131332b9fbd2e22ff97fe788aba8749c3ee479e
> git show --textconv :routes/v1.php
> git ls-files --stage -- /var/www/vik/routes/v1.php
> git cat-file -s 0798eb2a6686ad0573bc3f775e8bb0002e962c68
> git show --textconv :app/Http/Controllers/api/ChatAPIController.php
> git ls-files --stage -- /var/www/vik/app/Http/Controllers/api/ChatAPIController.php
> git cat-file -s 8131332b9fbd2e22ff97fe788aba8749c3ee479e
> git show --textconv :routes/v1.php
> git ls-files --stage -- /var/www/vik/routes/v1.php
> git cat-file -s 0798eb2a6686ad0573bc3f775e8bb0002e962c68
> git status -z -u
> git symbolic-ref --short HEAD
> git rev-parse master
> git rev-parse --symbolic-full-name master@{u}
> git rev-list --left-right master...refs/remotes/origin/master
> git for-each-ref --sort -committerdate --format %(refname) %(objectname)
> git remote --verbose
> git config --get commit.template
> git show --textconv :resources/js/components/ChatWidget.vue
> git ls-files --stage -- /var/www/vik/resources/js/components/ChatWidget.vue
> git cat-file -s ddeabf4808a60842846659a2d1ff952b07cdfb3c
> git show --textconv :resources/js/ChatService.js
> git ls-files --stage -- /var/www/vik/resources/js/ChatService.js
> git cat-file -s 623aa82ffe7f7e029a3fe14505b2b77804b7c302
> git show --textconv :resources/js/components/ChatWidget.vue
> git ls-files --stage -- /var/www/vik/resources/js/components/ChatWidget.vue
> git cat-file -s ddeabf4808a60842846659a2d1ff952b07cdfb3c
> git status -z -u
> git symbolic-ref --short HEAD
> git rev-parse master
> git rev-parse --symbolic-full-name master@{u}
> git rev-list --left-right master...refs/remotes/origin/master
> git for-each-ref --sort -committerdate --format %(refname) %(objectname)
> git remote --verbose
> git config --get commit.template
> git status -z -u
> git symbolic-ref --short HEAD
> git rev-parse master
> git rev-parse --symbolic-full-name master@{u}
> git rev-list --left-right master...refs/remotes/origin/master
> git for-each-ref --sort -committerdate --format %(refname) %(objectname)
> git remote --verbose
> git config --get commit.template
> git status -z -u
> git symbolic-ref --short HEAD
> git rev-parse master
> git rev-parse --symbolic-full-name master@{u}
> git rev-list --left-right master...refs/remotes/origin/master
> git for-each-ref --sort -committerdate --format %(refname) %(objectname)
> git remote --verbose
> git config --get commit.template
> git status -z -u
> git symbolic-ref --short HEAD
> git rev-parse master
> git rev-parse --symbolic-full-name master@{u}
> git rev-list --left-right master...refs/remotes/origin/master
> git for-each-ref --sort -committerdate --format %(refname) %(objectname)
> git remote --verbose
> git config --get commit.template
> git status -z -u
> git symbolic-ref --short HEAD
> git rev-parse master
> git rev-parse --symbolic-full-name master@{u}
> git rev-list --left-right master...refs/remotes/origin/master
> git for-each-ref --sort -committerdate --format %(refname) %(objectname)
> git remote --verbose
> git config --get commit.template
> git status -z -u
> git symbolic-ref --short HEAD
> git rev-parse master
> git rev-parse --symbolic-full-name master@{u}
> git rev-list --left-right master...refs/remotes/origin/master
> git for-each-ref --sort -committerdate --format %(refname) %(objectname)
> git remote --verbose
> git config --get commit.template
> git status -z -u
> git symbolic-ref --short HEAD
> git rev-parse master
> git rev-parse --symbolic-full-name master@{u}
> git rev-list --left-right master...refs/remotes/origin/master
> git for-each-ref --sort -committerdate --format %(refname) %(objectname)
> git remote --verbose
> git config --get commit.template
> git status -z -u
> git symbolic-ref --short HEAD
> git rev-parse master
> git rev-parse --symbolic-full-name master@{u}
> git rev-list --left-right master...refs/remotes/origin/master
> git for-each-ref --sort -committerdate --format %(refname) %(objectname)
> git remote --verbose
> git config --get commit.template
> git show --textconv :resources/js/ChatService.js
> git ls-files --stage -- /var/www/vik/resources/js/ChatService.js
> git cat-file -s 623aa82ffe7f7e029a3fe14505b2b77804b7c302
> git status -z -u
> git symbolic-ref --short HEAD
> git rev-parse master
> git rev-parse --symbolic-full-name master@{u}
> git rev-list --left-right master...refs/remotes/origin/master
> git for-each-ref --sort -committerdate --format %(refname) %(objectname)
> git remote --verbose
> git config --get commit.template
> git status -z -u
> git symbolic-ref --short HEAD
> git rev-parse master
> git rev-parse --symbolic-full-name master@{u}
> git rev-list --left-right master...refs/remotes/origin/master
> git for-each-ref --sort -committerdate --format %(refname) %(objectname)
> git remote --verbose
> git config --get commit.template
> git show --textconv :app/Http/Controllers/api/ChatAPIController.php
> git ls-files --stage -- /var/www/vik/app/Http/Controllers/api/ChatAPIController.php
> git cat-file -s 8131332b9fbd2e22ff97fe788aba8749c3ee479e
> git status -z -u
> git symbolic-ref --short HEAD
> git rev-parse master
> git rev-parse --symbolic-full-name master@{u}
> git rev-list --left-right master...refs/remotes/origin/master
> git for-each-ref --sort -committerdate --format %(refname) %(objectname)
> git remote --verbose
> git config --get commit.template
> git show --textconv :routes/v1.php
> git ls-files --stage -- /var/www/vik/routes/v1.php
> git cat-file -s 0798eb2a6686ad0573bc3f775e8bb0002e962c68
> git show --textconv :resources/js/ChatService.js
> git ls-files --stage -- /var/www/vik/resources/js/ChatService.js
> git cat-file -s 623aa82ffe7f7e029a3fe14505b2b77804b7c302
> git status -z -u
> git symbolic-ref --short HEAD
> git rev-parse master
> git rev-parse --symbolic-full-name master@{u}
> git rev-list --left-right master...refs/remotes/origin/master
> git for-each-ref --sort -committerdate --format %(refname) %(objectname)
> git remote --verbose
> git config --get commit.template
> git status -z -u
> git symbolic-ref --short HEAD
> git rev-parse master
> git rev-parse --symbolic-full-name master@{u}
> git rev-list --left-right master...refs/remotes/origin/master
> git for-each-ref --sort -committerdate --format %(refname) %(objectname)
> git remote --verbose
> git config --get commit.template
> git show --textconv :app/Http/Controllers/api/ChatAPIController.php
> git ls-files --stage -- /var/www/vik/app/Http/Controllers/api/ChatAPIController.php
> git cat-file -s 8131332b9fbd2e22ff97fe788aba8749c3ee479e
> git status -z -u
> git symbolic-ref --short HEAD
> git rev-parse master
> git rev-parse --symbolic-full-name master@{u}
> git rev-list --left-right master...refs/remotes/origin/master
> git for-each-ref --sort -committerdate --format %(refname) %(objectname)
> git remote --verbose
> git config --get commit.template
> git status -z -u
> git symbolic-ref --short HEAD
> git rev-parse master
> git rev-parse --symbolic-full-name master@{u}
> git rev-list --left-right master...refs/remotes/origin/master
> git for-each-ref --sort -committerdate --format %(refname) %(objectname)
> git remote --verbose
> git config --get commit.template
> git status -z -u
> git symbolic-ref --short HEAD
> git rev-parse master
> git rev-parse --symbolic-full-name master@{u}
> git rev-list --left-right master...refs/remotes/origin/master
> git for-each-ref --sort -committerdate --format %(refname) %(objectname)
> git remote --verbose
> git config --get commit.template
> git status -z -u
> git symbolic-ref --short HEAD
> git rev-parse master
> git show --textconv :resources/js/components/ChatWidget.vue
> git ls-files --stage -- /var/www/vik/resources/js/components/ChatWidget.vue
> git cat-file -s ddeabf4808a60842846659a2d1ff952b07cdfb3c
> git rev-parse --symbolic-full-name master@{u}
> git rev-list --left-right master...refs/remotes/origin/master
> git for-each-ref --sort -committerdate --format %(refname) %(objectname)
> git remote --verbose
> git config --get commit.template
> git show --textconv :resources/js/ChatService.js
> git ls-files --stage -- /var/www/vik/resources/js/ChatService.js
> git cat-file -s 623aa82ffe7f7e029a3fe14505b2b77804b7c302
> git show --textconv :resources/js/components/ChatWidget.vue
> git ls-files --stage -- /var/www/vik/resources/js/components/ChatWidget.vue
> git cat-file -s ddeabf4808a60842846659a2d1ff952b07cdfb3c
> git status -z -u
> git symbolic-ref --short HEAD
> git rev-parse master
> git rev-parse --symbolic-full-name master@{u}
> git rev-list --left-right master...refs/remotes/origin/master
> git for-each-ref --sort -committerdate --format %(refname) %(objectname)
> git remote --verbose
> git config --get commit.template
> git status -z -u
> git symbolic-ref --short HEAD
> git rev-parse master
> git rev-parse --symbolic-full-name master@{u}
> git rev-list --left-right master...refs/remotes/origin/master
> git for-each-ref --sort -committerdate --format %(refname) %(objectname)
> git remote --verbose
> git config --get commit.template
> git status -z -u
> git symbolic-ref --short HEAD
> git rev-parse master
> git rev-parse --symbolic-full-name master@{u}
> git rev-list --left-right master...refs/remotes/origin/master
> git for-each-ref --sort -committerdate --format %(refname) %(objectname)
> git remote --verbose
> git config --get commit.template
> git status -z -u
> git symbolic-ref --short HEAD
> git rev-parse master
> git rev-parse --symbolic-full-name master@{u}
> git rev-list --left-right master...refs/remotes/origin/master
> git for-each-ref --sort -committerdate --format %(refname) %(objectname)
> git remote --verbose
> git config --get commit.template
> git show --textconv :app/Http/Controllers/api/ChatAPIController.php
> git ls-files --stage -- /var/www/vik/app/Http/Controllers/api/ChatAPIController.php
> git cat-file -s 8131332b9fbd2e22ff97fe788aba8749c3ee479e
> git status -z -u
> git symbolic-ref --short HEAD
> git rev-parse master
> git rev-parse --symbolic-full-name master@{u}
> git rev-list --left-right master...refs/remotes/origin/master
> git for-each-ref --sort -committerdate --format %(refname) %(objectname)
> git remote --verbose
> git config --get commit.template
> git status -z -u
> git symbolic-ref --short HEAD
> git rev-parse master
> git rev-parse --symbolic-full-name master@{u}
> git rev-list --left-right master...refs/remotes/origin/master
> git for-each-ref --sort -committerdate --format %(refname) %(objectname)
> git remote --verbose
> git config --get commit.template
> git status -z -u
> git symbolic-ref --short HEAD
> git rev-parse master
> git rev-parse --symbolic-full-name master@{u}
> git rev-list --left-right master...refs/remotes/origin/master
> git for-each-ref --sort -committerdate --format %(refname) %(objectname)
> git remote --verbose
> git config --get commit.template
> git status -z -u
> git symbolic-ref --short HEAD
> git rev-parse master
> git rev-parse --symbolic-full-name master@{u}
> git rev-list --left-right master...refs/remotes/origin/master
> git for-each-ref --sort -committerdate --format %(refname) %(objectname)
> git remote --verbose
> git config --get commit.template
> git show --textconv :resources/js/components/ChatWidget.vue
> git ls-files --stage -- /var/www/vik/resources/js/components/ChatWidget.vue
> git cat-file -s ddeabf4808a60842846659a2d1ff952b07cdfb3c
> git show --textconv :app/Http/Controllers/api/ChatAPIController.php
> git ls-files --stage -- /var/www/vik/app/Http/Controllers/api/ChatAPIController.php
> git cat-file -s 8131332b9fbd2e22ff97fe788aba8749c3ee479e
> git show --textconv :resources/js/components/ChatWidget.vue
> git ls-files --stage -- /var/www/vik/resources/js/components/ChatWidget.vue
> git cat-file -s ddeabf4808a60842846659a2d1ff952b07cdfb3c
> git status -z -u
> git symbolic-ref --short HEAD
> git rev-parse master
> git rev-parse --symbolic-full-name master@{u}
> git rev-list --left-right master...refs/remotes/origin/master
> git for-each-ref --sort -committerdate --format %(refname) %(objectname)
> git remote --verbose
> git config --get commit.template
> git status -z -u
> git symbolic-ref --short HEAD
> git rev-parse master
> git rev-parse --symbolic-full-name master@{u}
> git rev-list --left-right master...refs/remotes/origin/master
> git for-each-ref --sort -committerdate --format %(refname) %(objectname)
> git remote --verbose
> git config --get commit.template
> git status -z -u
> git symbolic-ref --short HEAD
> git rev-parse master
> git rev-parse --symbolic-full-name master@{u}
> git rev-list --left-right master...refs/remotes/origin/master
> git for-each-ref --sort -committerdate --format %(refname) %(objectname)
> git remote --verbose
> git config --get commit.template
> git status -z -u
> git symbolic-ref --short HEAD
> git rev-parse master
> git rev-parse --symbolic-full-name master@{u}
> git rev-list --left-right master...refs/remotes/origin/master
> git for-each-ref --sort -committerdate --format %(refname) %(objectname)
> git remote --verbose
> git config --get commit.template
> git status -z -u
> git symbolic-ref --short HEAD
> git rev-parse master
> git rev-parse --symbolic-full-name master@{u}
> git rev-list --left-right master...refs/remotes/origin/master
> git for-each-ref --sort -committerdate --format %(refname) %(objectname)
> git remote --verbose
> git config --get commit.template
> git status -z -u
> git symbolic-ref --short HEAD
> git rev-parse master
> git rev-parse --symbolic-full-name master@{u}
> git rev-list --left-right master...refs/remotes/origin/master
> git for-each-ref --sort -committerdate --format %(refname) %(objectname)
> git remote --verbose
> git config --get commit.template
> git status -z -u
> git symbolic-ref --short HEAD
> git rev-parse master
> git rev-parse --symbolic-full-name master@{u}
> git rev-list --left-right master...refs/remotes/origin/master
> git for-each-ref --sort -committerdate --format %(refname) %(objectname)
> git remote --verbose
> git config --get commit.template
> git status -z -u
> git symbolic-ref --short HEAD
> git rev-parse master
> git rev-parse --symbolic-full-name master@{u}
> git rev-list --left-right master...refs/remotes/origin/master
> git for-each-ref --sort -committerdate --format %(refname) %(objectname)
> git remote --verbose
> git config --get commit.template
> git status -z -u
> git symbolic-ref --short HEAD
> git rev-parse master
> git rev-parse --symbolic-full-name master@{u}
> git rev-list --left-right master...refs/remotes/origin/master
> git for-each-ref --sort -committerdate --format %(refname) %(objectname)
> git remote --verbose
> git config --get commit.template
> git status -z -u
> git symbolic-ref --short HEAD
> git rev-parse master
> git rev-parse --symbolic-full-name master@{u}
> git rev-list --left-right master...refs/remotes/origin/master
> git for-each-ref --sort -committerdate --format %(refname) %(objectname)
> git remote --verbose
> git config --get commit.template
> git status -z -u
> git symbolic-ref --short HEAD
> git rev-parse master
> git rev-parse --symbolic-full-name master@{u}
> git rev-list --left-right master...refs/remotes/origin/master
> git for-each-ref --sort -committerdate --format %(refname) %(objectname)
> git remote --verbose
> git config --get commit.template
> git show --textconv :resources/js/components/ChatBar.vue
> git ls-files --stage -- /var/www/vik/resources/js/components/ChatBar.vue
> git cat-file -s 8b12e5faeac3adb45c21826a3f17c0c3629a0aae
> git show --textconv :resources/js/components/ChatWidget.vue
> git ls-files --stage -- /var/www/vik/resources/js/components/ChatWidget.vue
> git cat-file -s ddeabf4808a60842846659a2d1ff952b07cdfb3c
> git show --textconv :resources/js/components/ChatBar.vue
> git ls-files --stage -- /var/www/vik/resources/js/components/ChatBar.vue
> git cat-file -s 8b12e5faeac3adb45c21826a3f17c0c3629a0aae
> git status -z -u
> git symbolic-ref --short HEAD
> git rev-parse master
> git rev-parse --symbolic-full-name master@{u}
> git rev-list --left-right master...refs/remotes/origin/master
> git for-each-ref --sort -committerdate --format %(refname) %(objectname)
> git remote --verbose
> git config --get commit.template
> git show --textconv :resources/js/components/ChatWidget.vue
> git ls-files --stage -- /var/www/vik/resources/js/components/ChatWidget.vue
> git cat-file -s ddeabf4808a60842846659a2d1ff952b07cdfb3c
> git status -z -u
> git symbolic-ref --short HEAD
> git rev-parse master
> git rev-parse --symbolic-full-name master@{u}
> git rev-list --left-right master...refs/remotes/origin/master
> git for-each-ref --sort -committerdate --format %(refname) %(objectname)
> git remote --verbose
> git config --get commit.template
> git status -z -u
> git symbolic-ref --short HEAD
> git rev-parse master
> git rev-parse --symbolic-full-name master@{u}
> git rev-list --left-right master...refs/remotes/origin/master
> git for-each-ref --sort -committerdate --format %(refname) %(objectname)
> git remote --verbose
> git config --get commit.template
> git show --textconv :resources/js/components/ChatBar.vue
> git ls-files --stage -- /var/www/vik/resources/js/components/ChatBar.vue
> git cat-file -s 8b12e5faeac3adb45c21826a3f17c0c3629a0aae
> git show --textconv :resources/js/components/ChatWidget.vue
> git ls-files --stage -- /var/www/vik/resources/js/components/ChatWidget.vue
> git cat-file -s ddeabf4808a60842846659a2d1ff952b07cdfb3c
> git show --textconv :resources/js/components/ChatBar.vue
> git ls-files --stage -- /var/www/vik/resources/js/components/ChatBar.vue
> git cat-file -s 8b12e5faeac3adb45c21826a3f17c0c3629a0aae
> git show --textconv :resources/js/components/ChatWidget.vue
> git ls-files --stage -- /var/www/vik/resources/js/components/ChatWidget.vue
> git cat-file -s ddeabf4808a60842846659a2d1ff952b07cdfb3c
> git show --textconv :resources/js/components/ChatBar.vue
> git ls-files --stage -- /var/www/vik/resources/js/components/ChatBar.vue
> git cat-file -s 8b12e5faeac3adb45c21826a3f17c0c3629a0aae
> git show --textconv :resources/js/components/ChatWidget.vue
> git ls-files --stage -- /var/www/vik/resources/js/components/ChatWidget.vue
> git cat-file -s ddeabf4808a60842846659a2d1ff952b07cdfb3c
> git show --textconv :resources/js/components/ChatBar.vue
> git ls-files --stage -- /var/www/vik/resources/js/components/ChatBar.vue
> git cat-file -s 8b12e5faeac3adb45c21826a3f17c0c3629a0aae
> git status -z -u
> git symbolic-ref --short HEAD
> git rev-parse master
> git rev-parse --symbolic-full-name master@{u}
> git rev-list --left-right master...refs/remotes/origin/master
> git for-each-ref --sort -committerdate --format %(refname) %(objectname)
> git remote --verbose
> git config --get commit.template
> git show --textconv :resources/js/components/ChatWidget.vue
> git ls-files --stage -- /var/www/vik/resources/js/components/ChatWidget.vue
> git cat-file -s ddeabf4808a60842846659a2d1ff952b07cdfb3c
> git status -z -u
> git symbolic-ref --short HEAD
> git rev-parse master
> git rev-parse --symbolic-full-name master@{u}
> git rev-list --left-right master...refs/remotes/origin/master
> git for-each-ref --sort -committerdate --format %(refname) %(objectname)
> git remote --verbose
> git config --get commit.template
> git show --textconv :resources/js/components/ChatBar.vue
> git ls-files --stage -- /var/www/vik/resources/js/components/ChatBar.vue
> git cat-file -s 8b12e5faeac3adb45c21826a3f17c0c3629a0aae
> git status -z -u
> git symbolic-ref --short HEAD
> git rev-parse master
> git rev-parse --symbolic-full-name master@{u}
> git rev-list --left-right master...refs/remotes/origin/master
> git for-each-ref --sort -committerdate --format %(refname) %(objectname)
> git remote --verbose
> git config --get commit.template
> git show --textconv :app/Http/Controllers/chat/ChatController.php
> git ls-files --stage -- /var/www/vik/app/Http/Controllers/chat/ChatController.php
> git cat-file -s 9ed923128bdbb9e19d24b908d97cab029e968acb
> git status -z -u
> git symbolic-ref --short HEAD
> git rev-parse master
> git rev-parse --symbolic-full-name master@{u}
> git rev-list --left-right master...refs/remotes/origin/master
> git for-each-ref --sort -committerdate --format %(refname) %(objectname)
> git remote --verbose
> git config --get commit.template
> git status -z -u
> git show --textconv :resources/js/components/ChatBar.vue
> git ls-files --stage -- /var/www/vik/resources/js/components/ChatBar.vue
> git cat-file -s 8b12e5faeac3adb45c21826a3f17c0c3629a0aae
> git symbolic-ref --short HEAD
> git rev-parse master
> git rev-parse --symbolic-full-name master@{u}
> git rev-list --left-right master...refs/remotes/origin/master
> git for-each-ref --sort -committerdate --format %(refname) %(objectname)
> git remote --verbose
> git config --get commit.template
> git status -z -u
> git symbolic-ref --short HEAD
> git rev-parse master
> git rev-parse --symbolic-full-name master@{u}
> git rev-list --left-right master...refs/remotes/origin/master
> git for-each-ref --sort -committerdate --format %(refname) %(objectname)
> git remote --verbose
> git config --get commit.template
> git status -z -u
> git symbolic-ref --short HEAD
> git rev-parse master
> git rev-parse --symbolic-full-name master@{u}
> git rev-list --left-right master...refs/remotes/origin/master
> git for-each-ref --sort -committerdate --format %(refname) %(objectname)
> git remote --verbose
> git config --get commit.template
> git status -z -u
> git symbolic-ref --short HEAD
> git rev-parse master
> git rev-parse --symbolic-full-name master@{u}
> git rev-list --left-right master...refs/remotes/origin/master
> git for-each-ref --sort -committerdate --format %(refname) %(objectname)
> git remote --verbose
> git config --get commit.template
> git show --textconv :resources/js/components/ChatWidget.vue
> git ls-files --stage -- /var/www/vik/resources/js/components/ChatWidget.vue
> git cat-file -s ddeabf4808a60842846659a2d1ff952b07cdfb3c
> git status -z -u
> git symbolic-ref --short HEAD
> git rev-parse master
> git rev-parse --symbolic-full-name master@{u}
> git rev-list --left-right master...refs/remotes/origin/master
> git for-each-ref --sort -committerdate --format %(refname) %(objectname)
> git remote --verbose
> git config --get commit.template
> git show --textconv :resources/js/components/ChatBar.vue
> git ls-files --stage -- /var/www/vik/resources/js/components/ChatBar.vue
> git cat-file -s 8b12e5faeac3adb45c21826a3f17c0c3629a0aae
> git status -z -u
> git symbolic-ref --short HEAD
> git rev-parse master
> git rev-parse --symbolic-full-name master@{u}
> git rev-list --left-right master...refs/remotes/origin/master
> git for-each-ref --sort -committerdate --format %(refname) %(objectname)
> git remote --verbose
> git config --get commit.template
> git status -z -u
> git symbolic-ref --short HEAD
> git rev-parse master
> git rev-parse --symbolic-full-name master@{u}
> git rev-list --left-right master...refs/remotes/origin/master
> git for-each-ref --sort -committerdate --format %(refname) %(objectname)
> git remote --verbose
> git config --get commit.template
> git status -z -u
> git symbolic-ref --short HEAD
> git rev-parse master
> git rev-parse --symbolic-full-name master@{u}
> git rev-list --left-right master...refs/remotes/origin/master
> git for-each-ref --sort -committerdate --format %(refname) %(objectname)
> git remote --verbose
> git config --get commit.template
> git status -z -u
> git symbolic-ref --short HEAD
> git rev-parse master
> git rev-parse --symbolic-full-name master@{u}
> git rev-list --left-right master...refs/remotes/origin/master
> git for-each-ref --sort -committerdate --format %(refname) %(objectname)
> git remote --verbose
> git config --get commit.template
> git status -z -u
> git ls-files --stage -- /var/www/vik/resources/js/components/ChatBar.vue
> git cat-file -s 368ced2b986d1ee25df74162d2cbc483c11bf50f
> git show --textconv :resources/js/components/ChatBar.vue
> git symbolic-ref --short HEAD
> git rev-parse master
> git rev-parse --symbolic-full-name master@{u}
> git rev-list --left-right master...refs/remotes/origin/master
> git for-each-ref --sort -committerdate --format %(refname) %(objectname)
> git remote --verbose
> git config --get commit.template
